2025-05-11 09:30:36,893 - __main__ - INFO - Зарегистрированные маршруты:
2025-05-11 09:30:36,895 - __main__ - INFO - /api/production_plan
2025-05-11 09:30:36,895 - __main__ - INFO - /api/writeoffs
2025-05-11 09:30:36,895 - __main__ - INFO - /api/writeoffs
2025-05-11 09:30:36,895 - __main__ - INFO - /api/receipts
2025-05-11 09:30:36,895 - __main__ - INFO - /api/auth
2025-05-11 09:30:36,895 - __main__ - INFO - /api/kkts
2025-05-11 09:30:36,896 - __main__ - INFO - /static/<path:filename>
2025-05-11 09:30:54,654 - __main__ - INFO - Успешная авторизация через /api/auth
2025-05-11 09:30:54,658 - __main__ - INFO - Успешная авторизация через /api/auth
2025-05-11 09:30:54,662 - __main__ - INFO - Успешная авторизация через /api/auth
2025-05-11 12:15:51,758 - __main__ - INFO - Всего обработано чеков: 0, агрегировано точек: 0
2025-05-11 12:15:52,524 - __main__ - INFO - Всего обработано чеков: 0, агрегировано точек: 0
2025-05-11 12:15:53,309 - __main__ - INFO - Всего обработано чеков: 0, агрегировано точек: 0
2025-05-11 12:15:55,773 - __main__ - INFO - Всего обработано чеков: 2, агрегировано точек: 2
2025-05-11 12:15:59,277 - __main__ - INFO - Всего обработано чеков: 2, агрегировано точек: 2
2025-05-11 12:16:03,445 - __main__ - INFO - Всего обработано чеков: 2, агрегировано точек: 2
2025-05-11 12:16:07,096 - __main__ - INFO - Всего обработано чеков: 2, агрегировано точек: 2
2025-05-11 12:16:10,583 - __main__ - INFO - Всего обработано чеков: 2, агрегировано точек: 2
2025-05-11 12:16:17,225 - __main__ - INFO - Всего обработано чеков: 2, агрегировано точек: 2
2025-05-11 12:16:24,225 - __main__ - INFO - Всего обработано чеков: 2, агрегировано точек: 2
2025-05-11 12:16:28,507 - __main__ - INFO - Всего обработано чеков: 2, агрегировано точек: 2
2025-05-11 12:16:32,009 - __main__ - INFO - Всего обработано чеков: 2, агрегировано точек: 2
2025-05-11 12:16:38,652 - __main__ - INFO - Всего обработано чеков: 2, агрегировано точек: 2
2025-05-11 12:16:44,250 - __main__ - INFO - Всего обработано чеков: 2, агрегировано точек: 2
2025-05-11 12:16:50,997 - __main__ - INFO - Всего обработано чеков: 2, агрегировано точек: 2
2025-05-11 12:16:56,958 - __main__ - INFO - Всего обработано чеков: 2, агрегировано точек: 2
2025-05-11 12:17:03,080 - __main__ - INFO - Всего обработано чеков: 2, агрегировано точек: 2
2025-05-11 12:17:07,400 - __main__ - INFO - Всего обработано чеков: 2, агрегировано точек: 2
2025-05-11 12:17:11,167 - __main__ - INFO - Всего обработано чеков: 2, агрегировано точек: 2
2025-05-11 12:17:16,365 - __main__ - INFO - Всего обработано чеков: 2, агрегировано точек: 2
2025-05-11 12:17:22,298 - __main__ - INFO - Всего обработано чеков: 2, агрегировано точек: 2
2025-05-11 12:17:28,893 - __main__ - INFO - Всего обработано чеков: 2, агрегировано точек: 2
2025-05-11 12:17:35,021 - __main__ - INFO - Всего обработано чеков: 2, агрегировано точек: 2
2025-05-11 12:17:41,159 - __main__ - INFO - Всего обработано чеков: 2, агрегировано точек: 2
2025-05-11 12:17:45,170 - __main__ - INFO - Всего обработано чеков: 2, агрегировано точек: 2
2025-05-11 12:17:48,721 - __main__ - INFO - Всего обработано чеков: 2, агрегировано точек: 2
2025-05-11 12:17:49,956 - __main__ - INFO - Всего обработано чеков: 2, агрегировано точек: 2
2025-05-11 12:17:50,924 - __main__ - INFO - Всего обработано чеков: 2, агрегировано точек: 2
2025-05-11 12:17:53,945 - __main__ - INFO - Всего обработано чеков: 2, агрегировано точек: 2
2025-05-11 12:17:54,889 - __main__ - INFO - Всего обработано чеков: 2, агрегировано точек: 2
2025-05-11 12:17:55,817 - __main__ - INFO - Всего обработано чеков: 2, агрегировано точек: 2
2025-05-11 12:17:56,714 - __main__ - INFO - Всего обработано чеков: 2, агрегировано точек: 2
2025-05-11 12:17:57,645 - __main__ - INFO - Всего обработано чеков: 2, агрегировано точек: 2
2025-05-11 12:17:58,633 - __main__ - INFO - Всего обработано чеков: 2, агрегировано точек: 2
2025-05-11 12:17:59,590 - __main__ - INFO - Всего обработано чеков: 2, агрегировано точек: 2
2025-05-11 12:18:00,490 - __main__ - INFO - Всего обработано чеков: 2, агрегировано точек: 2
2025-05-11 12:18:01,456 - __main__ - INFO - Всего обработано чеков: 2, агрегировано точек: 2
2025-05-11 12:18:02,316 - __main__ - INFO - Всего обработано чеков: 2, агрегировано точек: 2
2025-05-11 12:18:03,078 - __main__ - INFO - Всего обработано чеков: 2, агрегировано точек: 2
2025-05-11 12:18:03,648 - __main__ - INFO - Всего обработано чеков: 2, агрегировано точек: 2
2025-05-11 12:18:03,803 - __main__ - INFO - Всего обработано чеков: 2, агрегировано точек: 2
2025-05-11 12:18:03,952 - __main__ - INFO - Всего обработано чеков: 2, агрегировано точек: 2
2025-05-11 12:18:04,090 - __main__ - INFO - Всего обработано чеков: 2, агрегировано точек: 2
2025-05-11 12:18:04,236 - __main__ - INFO - Всего обработано чеков: 2, агрегировано точек: 2
2025-05-11 12:18:04,378 - __main__ - INFO - Всего обработано чеков: 2, агрегировано точек: 2
2025-05-11 12:18:04,531 - __main__ - INFO - Всего обработано чеков: 2, агрегировано точек: 2
2025-05-11 12:18:04,678 - __main__ - INFO - Всего обработано чеков: 2, агрегировано точек: 2
2025-05-11 12:18:04,817 - __main__ - INFO - Всего обработано чеков: 2, агрегировано точек: 2
2025-05-11 12:18:04,961 - __main__ - INFO - Всего обработано чеков: 2, агрегировано точек: 2
2025-05-11 12:18:05,110 - __main__ - INFO - Всего обработано чеков: 2, агрегировано точек: 2
2025-05-11 12:18:05,254 - __main__ - INFO - Всего обработано чеков: 2, агрегировано точек: 2
2025-05-11 12:18:05,407 - __main__ - INFO - Всего обработано чеков: 2, агрегировано точек: 2
2025-05-11 12:18:05,556 - __main__ - INFO - Всего обработано чеков: 2, агрегировано точек: 2
2025-05-11 12:18:05,702 - __main__ - INFO - Всего обработано чеков: 2, агрегировано точек: 2
2025-05-11 12:18:05,854 - __main__ - INFO - Всего обработано чеков: 2, агрегировано точек: 2
2025-05-11 12:18:06,004 - __main__ - INFO - Всего обработано чеков: 2, агрегировано точек: 2
2025-05-11 12:18:06,160 - __main__ - INFO - Всего обработано чеков: 2, агрегировано точек: 2
2025-05-11 12:18:06,306 - __main__ - INFO - Всего обработано чеков: 2, агрегировано точек: 2
2025-05-11 12:18:06,459 - __main__ - INFO - Всего обработано чеков: 2, агрегировано точек: 2
2025-05-11 12:18:07,051 - __main__ - INFO - Всего обработано чеков: 2, агрегировано точек: 2
2025-05-11 12:18:07,638 - __main__ - INFO - Всего обработано чеков: 2, агрегировано точек: 2
2025-05-11 12:18:08,470 - __main__ - INFO - Всего обработано чеков: 2, агрегировано точек: 2
2025-05-11 12:18:09,175 - __main__ - INFO - Всего обработано чеков: 2, агрегировано точек: 2
2025-05-11 12:18:10,076 - __main__ - INFO - Всего обработано чеков: 2, агрегировано точек: 2
2025-05-11 12:18:10,974 - __main__ - INFO - Всего обработано чеков: 2, агрегировано точек: 2
2025-05-11 12:18:11,871 - __main__ - INFO - Всего обработано чеков: 2, агрегировано точек: 2
2025-05-11 12:18:12,512 - __main__ - INFO - Всего обработано чеков: 2, агрегировано точек: 2
2025-05-11 12:18:12,668 - __main__ - INFO - Всего обработано чеков: 3, агрегировано точек: 3
2025-05-11 12:18:12,817 - __main__ - INFO - Всего обработано чеков: 3, агрегировано точек: 3
2025-05-11 12:18:12,967 - __main__ - INFO - Всего обработано чеков: 3, агрегировано точек: 3
2025-05-11 12:18:13,125 - __main__ - INFO - Всего обработано чеков: 3, агрегировано точек: 3
2025-05-11 12:18:13,279 - __main__ - INFO - Всего обработано чеков: 3, агрегировано точек: 3
2025-05-11 12:18:13,454 - __main__ - INFO - Всего обработано чеков: 3, агрегировано точек: 3
2025-05-11 12:18:13,607 - __main__ - INFO - Всего обработано чеков: 3, агрегировано точек: 3
2025-05-11 12:18:13,754 - __main__ - INFO - Всего обработано чеков: 3, агрегировано точек: 3
2025-05-11 12:18:13,907 - __main__ - INFO - Всего обработано чеков: 3, агрегировано точек: 3
2025-05-11 12:18:14,265 - __main__ - INFO - Всего обработано чеков: 3, агрегировано точек: 3
2025-05-11 12:18:14,423 - __main__ - INFO - Всего обработано чеков: 3, агрегировано точек: 3
2025-05-11 12:18:14,582 - __main__ - INFO - Всего обработано чеков: 3, агрегировано точек: 3
2025-05-11 12:18:14,727 - __main__ - INFO - Всего обработано чеков: 3, агрегировано точек: 3
2025-05-11 12:18:14,873 - __main__ - INFO - Всего обработано чеков: 3, агрегировано точек: 3
2025-05-11 12:18:15,016 - __main__ - INFO - Всего обработано чеков: 3, агрегировано точек: 3
2025-05-11 12:18:15,157 - __main__ - INFO - Всего обработано чеков: 3, агрегировано точек: 3
2025-05-11 12:18:15,307 - __main__ - INFO - Всего обработано чеков: 3, агрегировано точек: 3
2025-05-11 12:18:15,464 - __main__ - INFO - Всего обработано чеков: 3, агрегировано точек: 3
2025-05-11 12:18:15,614 - __main__ - INFO - Всего обработано чеков: 3, агрегировано точек: 3
2025-05-11 12:18:15,757 - __main__ - INFO - Всего обработано чеков: 3, агрегировано точек: 3
2025-05-11 12:18:15,908 - __main__ - INFO - Всего обработано чеков: 3, агрегировано точек: 3
2025-05-11 12:18:16,059 - __main__ - INFO - Всего обработано чеков: 3, агрегировано точек: 3
2025-05-11 12:18:16,200 - __main__ - INFO - Всего обработано чеков: 3, агрегировано точек: 3
2025-05-11 12:18:16,365 - __main__ - INFO - Всего обработано чеков: 3, агрегировано точек: 3
2025-05-11 12:18:16,507 - __main__ - INFO - Всего обработано чеков: 3, агрегировано точек: 3
2025-05-11 12:18:16,661 - __main__ - INFO - Всего обработано чеков: 3, агрегировано точек: 3
2025-05-11 12:18:16,804 - __main__ - INFO - Всего обработано чеков: 3, агрегировано точек: 3
2025-05-11 12:18:16,948 - __main__ - INFO - Всего обработано чеков: 3, агрегировано точек: 3
2025-05-11 12:18:17,099 - __main__ - INFO - Всего обработано чеков: 3, агрегировано точек: 3
2025-05-11 12:18:17,244 - __main__ - INFO - Всего обработано чеков: 3, агрегировано точек: 3
2025-05-11 12:18:17,391 - __main__ - INFO - Всего обработано чеков: 3, агрегировано точек: 3
2025-05-11 12:18:17,535 - __main__ - INFO - Всего обработано чеков: 3, агрегировано точек: 3
2025-05-11 12:18:17,680 - __main__ - INFO - Всего обработано чеков: 3, агрегировано точек: 3
2025-05-11 12:18:17,822 - __main__ - INFO - Всего обработано чеков: 3, агрегировано точек: 3
2025-05-11 12:18:17,971 - __main__ - INFO - Всего обработано чеков: 2, агрегировано точек: 2
2025-05-11 12:18:18,111 - __main__ - INFO - Всего обработано чеков: 2, агрегировано точек: 2
2025-05-11 12:18:18,272 - __main__ - INFO - Всего обработано чеков: 3, агрегировано точек: 3
2025-05-11 12:18:18,418 - __main__ - INFO - Всего обработано чеков: 3, агрегировано точек: 3
2025-05-11 12:18:18,563 - __main__ - INFO - Всего обработано чеков: 3, агрегировано точек: 3
2025-05-11 12:18:18,711 - __main__ - INFO - Всего обработано чеков: 3, агрегировано точек: 3
2025-05-11 12:18:18,861 - __main__ - INFO - Всего обработано чеков: 3, агрегировано точек: 3
2025-05-11 12:18:19,012 - __main__ - INFO - Всего обработано чеков: 3, агрегировано точек: 3
2025-05-11 12:18:19,155 - __main__ - INFO - Всего обработано чеков: 3, агрегировано точек: 3
2025-05-11 12:18:19,300 - __main__ - INFO - Всего обработано чеков: 3, агрегировано точек: 3
2025-05-11 12:18:19,448 - __main__ - INFO - Всего обработано чеков: 3, агрегировано точек: 3
2025-05-11 12:18:19,600 - __main__ - INFO - Всего обработано чеков: 3, агрегировано точек: 3
2025-05-11 12:18:19,748 - __main__ - INFO - Всего обработано чеков: 3, агрегировано точек: 3
2025-05-11 12:18:19,896 - __main__ - INFO - Всего обработано чеков: 3, агрегировано точек: 3
2025-05-11 12:18:20,039 - __main__ - INFO - Всего обработано чеков: 3, агрегировано точек: 3
2025-05-11 12:18:20,188 - __main__ - INFO - Всего обработано чеков: 2, агрегировано точек: 2
2025-05-11 12:18:20,351 - __main__ - INFO - Всего обработано чеков: 3, агрегировано точек: 3
2025-05-11 12:18:20,504 - __main__ - INFO - Всего обработано чеков: 3, агрегировано точек: 3
2025-05-11 12:18:20,662 - __main__ - INFO - Всего обработано чеков: 3, агрегировано точек: 3
2025-05-11 12:18:20,810 - __main__ - INFO - Всего обработано чеков: 3, агрегировано точек: 3
2025-05-11 12:18:20,975 - __main__ - INFO - Всего обработано чеков: 2, агрегировано точек: 2
2025-05-11 12:18:21,119 - __main__ - INFO - Всего обработано чеков: 2, агрегировано точек: 2
2025-05-11 12:18:21,261 - __main__ - INFO - Всего обработано чеков: 2, агрегировано точек: 2
2025-05-11 12:18:21,429 - __main__ - INFO - Всего обработано чеков: 3, агрегировано точек: 3
2025-05-11 12:18:21,573 - __main__ - INFO - Всего обработано чеков: 3, агрегировано точек: 3
2025-05-11 12:18:21,725 - __main__ - INFO - Всего обработано чеков: 3, агрегировано точек: 3
2025-05-11 12:18:22,316 - __main__ - INFO - Всего обработано чеков: 3, агрегировано точек: 3
2025-05-11 12:18:22,934 - __main__ - INFO - Всего обработано чеков: 3, агрегировано точек: 3
2025-05-11 12:18:23,500 - __main__ - INFO - Всего обработано чеков: 2, агрегировано точек: 2
