2025-05-11 09:30:54,639 - sbis_app - INFO - Используется SID из кэша
2025-05-11 09:30:54,658 - sbis_app - INFO - Используется SID из кэша
2025-05-11 09:30:54,661 - sbis_app - INFO - Используется SID из кэша
2025-05-11 12:15:51,134 - sbis_app - INFO - Получено 3 кассовых аппаратов
2025-05-11 12:15:51,141 - sbis_app - INFO - Запрашиваем данные за период: 2025-01-01 - 2025-01-02
2025-05-11 12:15:51,374 - sbis_app - INFO - Запрос отчета для ККТ 0008869499037417 (ФН: 7380440801926422) с 2025-01-01 по 2025-01-02
2025-05-11 12:15:51,375 - sbis_app - WARNING - Нет данных по ККТ 0008869499037417 за указанный период
2025-05-11 12:15:51,376 - sbis_app - INFO - Нет данных для ККТ 0008869499037417 за период 2025-01-01 - 2025-01-02
2025-05-11 12:15:51,553 - sbis_app - INFO - Запрос отчета для ККТ 0007498924001212 (ФН: 7380440801165774) с 2025-01-01 по 2025-01-02
2025-05-11 12:15:51,553 - sbis_app - WARNING - Нет данных по ККТ 0007498924001212 за указанный период
2025-05-11 12:15:51,554 - sbis_app - INFO - Нет данных для ККТ 0007498924001212 за период 2025-01-01 - 2025-01-02
2025-05-11 12:15:51,741 - sbis_app - INFO - Запрос отчета для ККТ 0008260147049848 (ФН: 7380440700545271) с 2025-01-01 по 2025-01-02
2025-05-11 12:15:51,742 - sbis_app - WARNING - Нет данных по ККТ 0008260147049848 за указанный период
2025-05-11 12:15:51,743 - sbis_app - INFO - Нет данных для ККТ 0008260147049848 за период 2025-01-01 - 2025-01-02
2025-05-11 12:15:51,747 - sbis_app - INFO - Данные сохранены в кэш для даты 2025-01-01
2025-05-11 12:15:51,747 - sbis_app - INFO - Получено 0 записей для ККТ
2025-05-11 12:15:51,751 - sbis_app - INFO - Удалён устаревший кэш-файл: 2025-01-01.json
2025-05-11 12:15:51,753 - sbis_app - INFO - Удалён устаревший кэш-файл: 2025-02-07.json
2025-05-11 12:15:51,755 - sbis_app - INFO - Удалён устаревший кэш-файл: 2025-02-08.json
2025-05-11 12:15:51,757 - sbis_app - INFO - Удалён устаревший кэш-файл: 2025-02-09.json
2025-05-11 12:15:51,896 - sbis_app - INFO - Получено 3 кассовых аппаратов
2025-05-11 12:15:51,898 - sbis_app - INFO - Запрашиваем данные за период: 2025-01-02 - 2025-01-03
2025-05-11 12:15:52,108 - sbis_app - INFO - Запрос отчета для ККТ 0008869499037417 (ФН: 7380440801926422) с 2025-01-02 по 2025-01-03
2025-05-11 12:15:52,109 - sbis_app - WARNING - Нет данных по ККТ 0008869499037417 за указанный период
2025-05-11 12:15:52,110 - sbis_app - INFO - Нет данных для ККТ 0008869499037417 за период 2025-01-02 - 2025-01-03
2025-05-11 12:15:52,308 - sbis_app - INFO - Запрос отчета для ККТ 0007498924001212 (ФН: 7380440801165774) с 2025-01-02 по 2025-01-03
2025-05-11 12:15:52,309 - sbis_app - WARNING - Нет данных по ККТ 0007498924001212 за указанный период
2025-05-11 12:15:52,310 - sbis_app - INFO - Нет данных для ККТ 0007498924001212 за период 2025-01-02 - 2025-01-03
2025-05-11 12:15:52,516 - sbis_app - INFO - Запрос отчета для ККТ 0008260147049848 (ФН: 7380440700545271) с 2025-01-02 по 2025-01-03
2025-05-11 12:15:52,516 - sbis_app - WARNING - Нет данных по ККТ 0008260147049848 за указанный период
2025-05-11 12:15:52,517 - sbis_app - INFO - Нет данных для ККТ 0008260147049848 за период 2025-01-02 - 2025-01-03
2025-05-11 12:15:52,519 - sbis_app - INFO - Данные сохранены в кэш для даты 2025-01-02
2025-05-11 12:15:52,520 - sbis_app - INFO - Получено 0 записей для ККТ
2025-05-11 12:15:52,523 - sbis_app - INFO - Удалён устаревший кэш-файл: 2025-01-02.json
2025-05-11 12:15:52,665 - sbis_app - INFO - Получено 3 кассовых аппаратов
2025-05-11 12:15:52,668 - sbis_app - INFO - Запрашиваем данные за период: 2025-01-03 - 2025-01-04
2025-05-11 12:15:52,890 - sbis_app - INFO - Запрос отчета для ККТ 0008869499037417 (ФН: 7380440801926422) с 2025-01-03 по 2025-01-04
2025-05-11 12:15:52,890 - sbis_app - WARNING - Нет данных по ККТ 0008869499037417 за указанный период
2025-05-11 12:15:52,891 - sbis_app - INFO - Нет данных для ККТ 0008869499037417 за период 2025-01-03 - 2025-01-04
2025-05-11 12:15:53,074 - sbis_app - INFO - Запрос отчета для ККТ 0007498924001212 (ФН: 7380440801165774) с 2025-01-03 по 2025-01-04
2025-05-11 12:15:53,075 - sbis_app - WARNING - Нет данных по ККТ 0007498924001212 за указанный период
2025-05-11 12:15:53,076 - sbis_app - INFO - Нет данных для ККТ 0007498924001212 за период 2025-01-03 - 2025-01-04
2025-05-11 12:15:53,300 - sbis_app - INFO - Запрос отчета для ККТ 0008260147049848 (ФН: 7380440700545271) с 2025-01-03 по 2025-01-04
2025-05-11 12:15:53,301 - sbis_app - WARNING - Нет данных по ККТ 0008260147049848 за указанный период
2025-05-11 12:15:53,302 - sbis_app - INFO - Нет данных для ККТ 0008260147049848 за период 2025-01-03 - 2025-01-04
2025-05-11 12:15:53,305 - sbis_app - INFO - Данные сохранены в кэш для даты 2025-01-03
2025-05-11 12:15:53,305 - sbis_app - INFO - Получено 0 записей для ККТ
2025-05-11 12:15:53,308 - sbis_app - INFO - Удалён устаревший кэш-файл: 2025-01-03.json
2025-05-11 12:15:53,445 - sbis_app - INFO - Получено 3 кассовых аппаратов
2025-05-11 12:15:53,447 - sbis_app - INFO - Запрашиваем данные за период: 2025-01-04 - 2025-01-05
2025-05-11 12:15:53,686 - sbis_app - INFO - Запрос отчета для ККТ 0008869499037417 (ФН: 7380440801926422) с 2025-01-04 по 2025-01-05
2025-05-11 12:15:53,687 - sbis_app - WARNING - Нет данных по ККТ 0008869499037417 за указанный период
2025-05-11 12:15:53,688 - sbis_app - INFO - Нет данных для ККТ 0008869499037417 за период 2025-01-04 - 2025-01-05
2025-05-11 12:15:54,566 - sbis_app - INFO - Запрос отчета для ККТ 0007498924001212 (ФН: 7380440801165774) с 2025-01-04 по 2025-01-05
2025-05-11 12:15:54,594 - sbis_app - INFO - Данные получены! Количество записей: 27
2025-05-11 12:15:55,762 - sbis_app - INFO - Запрос отчета для ККТ 0008260147049848 (ФН: 7380440700545271) с 2025-01-04 по 2025-01-05
2025-05-11 12:15:55,763 - sbis_app - INFO - Данные получены! Количество записей: 35
2025-05-11 12:15:55,767 - sbis_app - INFO - Данные сохранены в кэш для даты 2025-01-04
2025-05-11 12:15:55,768 - sbis_app - INFO - Получено 2 записей для ККТ
2025-05-11 12:15:55,771 - sbis_app - INFO - Удалён устаревший кэш-файл: 2025-01-04.json
2025-05-11 12:15:55,908 - sbis_app - INFO - Получено 3 кассовых аппаратов
2025-05-11 12:15:55,910 - sbis_app - INFO - Запрашиваем данные за период: 2025-01-05 - 2025-01-06
2025-05-11 12:15:56,160 - sbis_app - INFO - Запрос отчета для ККТ 0008869499037417 (ФН: 7380440801926422) с 2025-01-05 по 2025-01-06
2025-05-11 12:15:56,160 - sbis_app - WARNING - Нет данных по ККТ 0008869499037417 за указанный период
2025-05-11 12:15:56,161 - sbis_app - INFO - Нет данных для ККТ 0008869499037417 за период 2025-01-05 - 2025-01-06
2025-05-11 12:15:57,530 - sbis_app - INFO - Запрос отчета для ККТ 0007498924001212 (ФН: 7380440801165774) с 2025-01-05 по 2025-01-06
2025-05-11 12:15:57,532 - sbis_app - INFO - Данные получены! Количество записей: 51
2025-05-11 12:15:59,266 - sbis_app - INFO - Запрос отчета для ККТ 0008260147049848 (ФН: 7380440700545271) с 2025-01-05 по 2025-01-06
2025-05-11 12:15:59,267 - sbis_app - INFO - Данные получены! Количество записей: 50
2025-05-11 12:15:59,272 - sbis_app - INFO - Данные сохранены в кэш для даты 2025-01-05
2025-05-11 12:15:59,273 - sbis_app - INFO - Получено 2 записей для ККТ
2025-05-11 12:15:59,276 - sbis_app - INFO - Удалён устаревший кэш-файл: 2025-01-05.json
2025-05-11 12:15:59,417 - sbis_app - INFO - Получено 3 кассовых аппаратов
2025-05-11 12:15:59,419 - sbis_app - INFO - Запрашиваем данные за период: 2025-01-06 - 2025-01-07
2025-05-11 12:15:59,584 - sbis_app - INFO - Запрос отчета для ККТ 0008869499037417 (ФН: 7380440801926422) с 2025-01-06 по 2025-01-07
2025-05-11 12:15:59,584 - sbis_app - WARNING - Нет данных по ККТ 0008869499037417 за указанный период
2025-05-11 12:15:59,585 - sbis_app - INFO - Нет данных для ККТ 0008869499037417 за период 2025-01-06 - 2025-01-07
2025-05-11 12:16:01,646 - sbis_app - INFO - Запрос отчета для ККТ 0007498924001212 (ФН: 7380440801165774) с 2025-01-06 по 2025-01-07
2025-05-11 12:16:01,647 - sbis_app - INFO - Данные получены! Количество записей: 75
2025-05-11 12:16:03,434 - sbis_app - INFO - Запрос отчета для ККТ 0008260147049848 (ФН: 7380440700545271) с 2025-01-06 по 2025-01-07
2025-05-11 12:16:03,435 - sbis_app - INFO - Данные получены! Количество записей: 65
2025-05-11 12:16:03,442 - sbis_app - INFO - Данные сохранены в кэш для даты 2025-01-06
2025-05-11 12:16:03,442 - sbis_app - INFO - Получено 2 записей для ККТ
2025-05-11 12:16:03,445 - sbis_app - INFO - Удалён устаревший кэш-файл: 2025-01-06.json
2025-05-11 12:16:03,581 - sbis_app - INFO - Получено 3 кассовых аппаратов
2025-05-11 12:16:03,585 - sbis_app - INFO - Запрашиваем данные за период: 2025-01-07 - 2025-01-08
2025-05-11 12:16:03,758 - sbis_app - INFO - Запрос отчета для ККТ 0008869499037417 (ФН: 7380440801926422) с 2025-01-07 по 2025-01-08
2025-05-11 12:16:03,759 - sbis_app - WARNING - Нет данных по ККТ 0008869499037417 за указанный период
2025-05-11 12:16:03,760 - sbis_app - INFO - Нет данных для ККТ 0008869499037417 за период 2025-01-07 - 2025-01-08
2025-05-11 12:16:05,540 - sbis_app - INFO - Запрос отчета для ККТ 0007498924001212 (ФН: 7380440801165774) с 2025-01-07 по 2025-01-08
2025-05-11 12:16:05,541 - sbis_app - INFO - Данные получены! Количество записей: 53
2025-05-11 12:16:07,084 - sbis_app - INFO - Запрос отчета для ККТ 0008260147049848 (ФН: 7380440700545271) с 2025-01-07 по 2025-01-08
2025-05-11 12:16:07,085 - sbis_app - INFO - Данные получены! Количество записей: 58
2025-05-11 12:16:07,091 - sbis_app - INFO - Данные сохранены в кэш для даты 2025-01-07
2025-05-11 12:16:07,092 - sbis_app - INFO - Получено 2 записей для ККТ
2025-05-11 12:16:07,095 - sbis_app - INFO - Удалён устаревший кэш-файл: 2025-01-07.json
2025-05-11 12:16:07,233 - sbis_app - INFO - Получено 3 кассовых аппаратов
2025-05-11 12:16:07,235 - sbis_app - INFO - Запрашиваем данные за период: 2025-01-08 - 2025-01-09
2025-05-11 12:16:07,455 - sbis_app - INFO - Запрос отчета для ККТ 0008869499037417 (ФН: 7380440801926422) с 2025-01-08 по 2025-01-09
2025-05-11 12:16:07,456 - sbis_app - WARNING - Нет данных по ККТ 0008869499037417 за указанный период
2025-05-11 12:16:07,457 - sbis_app - INFO - Нет данных для ККТ 0008869499037417 за период 2025-01-08 - 2025-01-09
2025-05-11 12:16:08,947 - sbis_app - INFO - Запрос отчета для ККТ 0007498924001212 (ФН: 7380440801165774) с 2025-01-08 по 2025-01-09
2025-05-11 12:16:08,948 - sbis_app - INFO - Данные получены! Количество записей: 50
2025-05-11 12:16:10,568 - sbis_app - INFO - Запрос отчета для ККТ 0008260147049848 (ФН: 7380440700545271) с 2025-01-08 по 2025-01-09
2025-05-11 12:16:10,569 - sbis_app - INFO - Данные получены! Количество записей: 66
2025-05-11 12:16:10,577 - sbis_app - INFO - Данные сохранены в кэш для даты 2025-01-08
2025-05-11 12:16:10,577 - sbis_app - INFO - Получено 2 записей для ККТ
2025-05-11 12:16:10,581 - sbis_app - INFO - Удалён устаревший кэш-файл: 2025-01-08.json
2025-05-11 12:16:10,719 - sbis_app - INFO - Получено 3 кассовых аппаратов
2025-05-11 12:16:10,721 - sbis_app - INFO - Запрашиваем данные за период: 2025-01-09 - 2025-01-10
2025-05-11 12:16:10,887 - sbis_app - INFO - Запрос отчета для ККТ 0008869499037417 (ФН: 7380440801926422) с 2025-01-09 по 2025-01-10
2025-05-11 12:16:10,888 - sbis_app - WARNING - Нет данных по ККТ 0008869499037417 за указанный период
2025-05-11 12:16:10,889 - sbis_app - INFO - Нет данных для ККТ 0008869499037417 за период 2025-01-09 - 2025-01-10
2025-05-11 12:16:13,257 - sbis_app - INFO - Запрос отчета для ККТ 0007498924001212 (ФН: 7380440801165774) с 2025-01-09 по 2025-01-10
2025-05-11 12:16:13,258 - sbis_app - INFO - Данные получены! Количество записей: 93
2025-05-11 12:16:17,208 - sbis_app - INFO - Запрос отчета для ККТ 0008260147049848 (ФН: 7380440700545271) с 2025-01-09 по 2025-01-10
2025-05-11 12:16:17,209 - sbis_app - INFO - Данные получены! Количество записей: 144
2025-05-11 12:16:17,220 - sbis_app - INFO - Данные сохранены в кэш для даты 2025-01-09
2025-05-11 12:16:17,221 - sbis_app - INFO - Получено 2 записей для ККТ
2025-05-11 12:16:17,224 - sbis_app - INFO - Удалён устаревший кэш-файл: 2025-01-09.json
2025-05-11 12:16:17,364 - sbis_app - INFO - Получено 3 кассовых аппаратов
2025-05-11 12:16:17,366 - sbis_app - INFO - Запрашиваем данные за период: 2025-01-10 - 2025-01-11
2025-05-11 12:16:17,570 - sbis_app - INFO - Запрос отчета для ККТ 0008869499037417 (ФН: 7380440801926422) с 2025-01-10 по 2025-01-11
2025-05-11 12:16:17,571 - sbis_app - WARNING - Нет данных по ККТ 0008869499037417 за указанный период
2025-05-11 12:16:17,572 - sbis_app - INFO - Нет данных для ККТ 0008869499037417 за период 2025-01-10 - 2025-01-11
2025-05-11 12:16:20,243 - sbis_app - INFO - Запрос отчета для ККТ 0007498924001212 (ФН: 7380440801165774) с 2025-01-10 по 2025-01-11
2025-05-11 12:16:20,245 - sbis_app - INFO - Данные получены! Количество записей: 104
2025-05-11 12:16:24,208 - sbis_app - INFO - Запрос отчета для ККТ 0008260147049848 (ФН: 7380440700545271) с 2025-01-10 по 2025-01-11
2025-05-11 12:16:24,209 - sbis_app - INFO - Данные получены! Количество записей: 172
2025-05-11 12:16:24,220 - sbis_app - INFO - Данные сохранены в кэш для даты 2025-01-10
2025-05-11 12:16:24,221 - sbis_app - INFO - Получено 2 записей для ККТ
2025-05-11 12:16:24,224 - sbis_app - INFO - Удалён устаревший кэш-файл: 2025-01-10.json
2025-05-11 12:16:24,364 - sbis_app - INFO - Получено 3 кассовых аппаратов
2025-05-11 12:16:24,366 - sbis_app - INFO - Запрашиваем данные за период: 2025-01-11 - 2025-01-12
2025-05-11 12:16:24,538 - sbis_app - INFO - Запрос отчета для ККТ 0008869499037417 (ФН: 7380440801926422) с 2025-01-11 по 2025-01-12
2025-05-11 12:16:24,539 - sbis_app - WARNING - Нет данных по ККТ 0008869499037417 за указанный период
2025-05-11 12:16:24,540 - sbis_app - INFO - Нет данных для ККТ 0008869499037417 за период 2025-01-11 - 2025-01-12
2025-05-11 12:16:26,283 - sbis_app - INFO - Запрос отчета для ККТ 0007498924001212 (ФН: 7380440801165774) с 2025-01-11 по 2025-01-12
2025-05-11 12:16:26,284 - sbis_app - INFO - Данные получены! Количество записей: 71
2025-05-11 12:16:28,494 - sbis_app - INFO - Запрос отчета для ККТ 0008260147049848 (ФН: 7380440700545271) с 2025-01-11 по 2025-01-12
2025-05-11 12:16:28,495 - sbis_app - INFO - Данные получены! Количество записей: 89
2025-05-11 12:16:28,503 - sbis_app - INFO - Данные сохранены в кэш для даты 2025-01-11
2025-05-11 12:16:28,503 - sbis_app - INFO - Получено 2 записей для ККТ
2025-05-11 12:16:28,507 - sbis_app - INFO - Удалён устаревший кэш-файл: 2025-01-11.json
2025-05-11 12:16:28,639 - sbis_app - INFO - Получено 3 кассовых аппаратов
2025-05-11 12:16:28,641 - sbis_app - INFO - Запрашиваем данные за период: 2025-01-12 - 2025-01-13
2025-05-11 12:16:28,841 - sbis_app - INFO - Запрос отчета для ККТ 0008869499037417 (ФН: 7380440801926422) с 2025-01-12 по 2025-01-13
2025-05-11 12:16:28,841 - sbis_app - WARNING - Нет данных по ККТ 0008869499037417 за указанный период
2025-05-11 12:16:28,842 - sbis_app - INFO - Нет данных для ККТ 0008869499037417 за период 2025-01-12 - 2025-01-13
2025-05-11 12:16:30,396 - sbis_app - INFO - Запрос отчета для ККТ 0007498924001212 (ФН: 7380440801165774) с 2025-01-12 по 2025-01-13
2025-05-11 12:16:30,397 - sbis_app - INFO - Данные получены! Количество записей: 57
2025-05-11 12:16:31,997 - sbis_app - INFO - Запрос отчета для ККТ 0008260147049848 (ФН: 7380440700545271) с 2025-01-12 по 2025-01-13
2025-05-11 12:16:31,998 - sbis_app - INFO - Данные получены! Количество записей: 59
2025-05-11 12:16:32,005 - sbis_app - INFO - Данные сохранены в кэш для даты 2025-01-12
2025-05-11 12:16:32,005 - sbis_app - INFO - Получено 2 записей для ККТ
2025-05-11 12:16:32,009 - sbis_app - INFO - Удалён устаревший кэш-файл: 2025-01-12.json
2025-05-11 12:16:32,153 - sbis_app - INFO - Получено 3 кассовых аппаратов
2025-05-11 12:16:32,155 - sbis_app - INFO - Запрашиваем данные за период: 2025-01-13 - 2025-01-14
2025-05-11 12:16:32,361 - sbis_app - INFO - Запрос отчета для ККТ 0008869499037417 (ФН: 7380440801926422) с 2025-01-13 по 2025-01-14
2025-05-11 12:16:32,362 - sbis_app - WARNING - Нет данных по ККТ 0008869499037417 за указанный период
2025-05-11 12:16:32,363 - sbis_app - INFO - Нет данных для ККТ 0008869499037417 за период 2025-01-13 - 2025-01-14
2025-05-11 12:16:34,852 - sbis_app - INFO - Запрос отчета для ККТ 0007498924001212 (ФН: 7380440801165774) с 2025-01-13 по 2025-01-14
2025-05-11 12:16:34,853 - sbis_app - INFO - Данные получены! Количество записей: 96
2025-05-11 12:16:38,635 - sbis_app - INFO - Запрос отчета для ККТ 0008260147049848 (ФН: 7380440700545271) с 2025-01-13 по 2025-01-14
2025-05-11 12:16:38,636 - sbis_app - INFO - Данные получены! Количество записей: 146
2025-05-11 12:16:38,646 - sbis_app - INFO - Данные сохранены в кэш для даты 2025-01-13
2025-05-11 12:16:38,647 - sbis_app - INFO - Получено 2 записей для ККТ
2025-05-11 12:16:38,651 - sbis_app - INFO - Удалён устаревший кэш-файл: 2025-01-13.json
2025-05-11 12:16:38,784 - sbis_app - INFO - Получено 3 кассовых аппаратов
2025-05-11 12:16:38,786 - sbis_app - INFO - Запрашиваем данные за период: 2025-01-14 - 2025-01-15
2025-05-11 12:16:38,961 - sbis_app - INFO - Запрос отчета для ККТ 0008869499037417 (ФН: 7380440801926422) с 2025-01-14 по 2025-01-15
2025-05-11 12:16:38,962 - sbis_app - WARNING - Нет данных по ККТ 0008869499037417 за указанный период
2025-05-11 12:16:38,963 - sbis_app - INFO - Нет данных для ККТ 0008869499037417 за период 2025-01-14 - 2025-01-15
2025-05-11 12:16:40,920 - sbis_app - INFO - Запрос отчета для ККТ 0007498924001212 (ФН: 7380440801165774) с 2025-01-14 по 2025-01-15
2025-05-11 12:16:40,921 - sbis_app - INFO - Данные получены! Количество записей: 72
2025-05-11 12:16:44,235 - sbis_app - INFO - Запрос отчета для ККТ 0008260147049848 (ФН: 7380440700545271) с 2025-01-14 по 2025-01-15
2025-05-11 12:16:44,236 - sbis_app - INFO - Данные получены! Количество записей: 146
2025-05-11 12:16:44,245 - sbis_app - INFO - Данные сохранены в кэш для даты 2025-01-14
2025-05-11 12:16:44,246 - sbis_app - INFO - Получено 2 записей для ККТ
2025-05-11 12:16:44,249 - sbis_app - INFO - Удалён устаревший кэш-файл: 2025-01-14.json
2025-05-11 12:16:44,388 - sbis_app - INFO - Получено 3 кассовых аппаратов
2025-05-11 12:16:44,390 - sbis_app - INFO - Запрашиваем данные за период: 2025-01-15 - 2025-01-16
2025-05-11 12:16:44,611 - sbis_app - INFO - Запрос отчета для ККТ 0008869499037417 (ФН: 7380440801926422) с 2025-01-15 по 2025-01-16
2025-05-11 12:16:44,611 - sbis_app - WARNING - Нет данных по ККТ 0008869499037417 за указанный период
2025-05-11 12:16:44,612 - sbis_app - INFO - Нет данных для ККТ 0008869499037417 за период 2025-01-15 - 2025-01-16
2025-05-11 12:16:47,396 - sbis_app - INFO - Запрос отчета для ККТ 0007498924001212 (ФН: 7380440801165774) с 2025-01-15 по 2025-01-16
2025-05-11 12:16:47,397 - sbis_app - INFO - Данные получены! Количество записей: 112
2025-05-11 12:16:50,980 - sbis_app - INFO - Запрос отчета для ККТ 0008260147049848 (ФН: 7380440700545271) с 2025-01-15 по 2025-01-16
2025-05-11 12:16:50,982 - sbis_app - INFO - Данные получены! Количество записей: 175
2025-05-11 12:16:50,992 - sbis_app - INFO - Данные сохранены в кэш для даты 2025-01-15
2025-05-11 12:16:50,993 - sbis_app - INFO - Получено 2 записей для ККТ
2025-05-11 12:16:50,996 - sbis_app - INFO - Удалён устаревший кэш-файл: 2025-01-15.json
2025-05-11 12:16:51,159 - sbis_app - INFO - Получено 3 кассовых аппаратов
2025-05-11 12:16:51,161 - sbis_app - INFO - Запрашиваем данные за период: 2025-01-16 - 2025-01-17
2025-05-11 12:16:51,416 - sbis_app - INFO - Запрос отчета для ККТ 0008869499037417 (ФН: 7380440801926422) с 2025-01-16 по 2025-01-17
2025-05-11 12:16:51,416 - sbis_app - WARNING - Нет данных по ККТ 0008869499037417 за указанный период
2025-05-11 12:16:51,417 - sbis_app - INFO - Нет данных для ККТ 0008869499037417 за период 2025-01-16 - 2025-01-17
2025-05-11 12:16:53,913 - sbis_app - INFO - Запрос отчета для ККТ 0007498924001212 (ФН: 7380440801165774) с 2025-01-16 по 2025-01-17
2025-05-11 12:16:53,915 - sbis_app - INFO - Данные получены! Количество записей: 99
2025-05-11 12:16:56,943 - sbis_app - INFO - Запрос отчета для ККТ 0008260147049848 (ФН: 7380440700545271) с 2025-01-16 по 2025-01-17
2025-05-11 12:16:56,944 - sbis_app - INFO - Данные получены! Количество записей: 128
2025-05-11 12:16:56,953 - sbis_app - INFO - Данные сохранены в кэш для даты 2025-01-16
2025-05-11 12:16:56,954 - sbis_app - INFO - Получено 2 записей для ККТ
2025-05-11 12:16:56,957 - sbis_app - INFO - Удалён устаревший кэш-файл: 2025-01-16.json
2025-05-11 12:16:57,114 - sbis_app - INFO - Получено 3 кассовых аппаратов
2025-05-11 12:16:57,116 - sbis_app - INFO - Запрашиваем данные за период: 2025-01-17 - 2025-01-18
2025-05-11 12:16:57,332 - sbis_app - INFO - Запрос отчета для ККТ 0008869499037417 (ФН: 7380440801926422) с 2025-01-17 по 2025-01-18
2025-05-11 12:16:57,332 - sbis_app - WARNING - Нет данных по ККТ 0008869499037417 за указанный период
2025-05-11 12:16:57,333 - sbis_app - INFO - Нет данных для ККТ 0008869499037417 за период 2025-01-17 - 2025-01-18
2025-05-11 12:16:59,640 - sbis_app - INFO - Запрос отчета для ККТ 0007498924001212 (ФН: 7380440801165774) с 2025-01-17 по 2025-01-18
2025-05-11 12:16:59,641 - sbis_app - INFO - Данные получены! Количество записей: 88
2025-05-11 12:17:03,065 - sbis_app - INFO - Запрос отчета для ККТ 0008260147049848 (ФН: 7380440700545271) с 2025-01-17 по 2025-01-18
2025-05-11 12:17:03,067 - sbis_app - INFO - Данные получены! Количество записей: 156
2025-05-11 12:17:03,076 - sbis_app - INFO - Данные сохранены в кэш для даты 2025-01-17
2025-05-11 12:17:03,077 - sbis_app - INFO - Получено 2 записей для ККТ
2025-05-11 12:17:03,080 - sbis_app - INFO - Удалён устаревший кэш-файл: 2025-01-17.json
2025-05-11 12:17:03,219 - sbis_app - INFO - Получено 3 кассовых аппаратов
2025-05-11 12:17:03,221 - sbis_app - INFO - Запрашиваем данные за период: 2025-01-18 - 2025-01-19
2025-05-11 12:17:03,422 - sbis_app - INFO - Запрос отчета для ККТ 0008869499037417 (ФН: 7380440801926422) с 2025-01-18 по 2025-01-19
2025-05-11 12:17:03,423 - sbis_app - WARNING - Нет данных по ККТ 0008869499037417 за указанный период
2025-05-11 12:17:03,423 - sbis_app - INFO - Нет данных для ККТ 0008869499037417 за период 2025-01-18 - 2025-01-19
2025-05-11 12:17:05,091 - sbis_app - INFO - Запрос отчета для ККТ 0007498924001212 (ФН: 7380440801165774) с 2025-01-18 по 2025-01-19
2025-05-11 12:17:05,092 - sbis_app - INFO - Данные получены! Количество записей: 64
2025-05-11 12:17:07,387 - sbis_app - INFO - Запрос отчета для ККТ 0008260147049848 (ФН: 7380440700545271) с 2025-01-18 по 2025-01-19
2025-05-11 12:17:07,388 - sbis_app - INFO - Данные получены! Количество записей: 87
2025-05-11 12:17:07,395 - sbis_app - INFO - Данные сохранены в кэш для даты 2025-01-18
2025-05-11 12:17:07,395 - sbis_app - INFO - Получено 2 записей для ККТ
2025-05-11 12:17:07,399 - sbis_app - INFO - Удалён устаревший кэш-файл: 2025-01-18.json
2025-05-11 12:17:07,534 - sbis_app - INFO - Получено 3 кассовых аппаратов
2025-05-11 12:17:07,536 - sbis_app - INFO - Запрашиваем данные за период: 2025-01-19 - 2025-01-20
2025-05-11 12:17:07,764 - sbis_app - INFO - Запрос отчета для ККТ 0008869499037417 (ФН: 7380440801926422) с 2025-01-19 по 2025-01-20
2025-05-11 12:17:07,765 - sbis_app - WARNING - Нет данных по ККТ 0008869499037417 за указанный период
2025-05-11 12:17:07,766 - sbis_app - INFO - Нет данных для ККТ 0008869499037417 за период 2025-01-19 - 2025-01-20
2025-05-11 12:17:09,425 - sbis_app - INFO - Запрос отчета для ККТ 0007498924001212 (ФН: 7380440801165774) с 2025-01-19 по 2025-01-20
2025-05-11 12:17:09,426 - sbis_app - INFO - Данные получены! Количество записей: 64
2025-05-11 12:17:11,156 - sbis_app - INFO - Запрос отчета для ККТ 0008260147049848 (ФН: 7380440700545271) с 2025-01-19 по 2025-01-20
2025-05-11 12:17:11,157 - sbis_app - INFO - Данные получены! Количество записей: 60
2025-05-11 12:17:11,163 - sbis_app - INFO - Данные сохранены в кэш для даты 2025-01-19
2025-05-11 12:17:11,164 - sbis_app - INFO - Получено 2 записей для ККТ
2025-05-11 12:17:11,167 - sbis_app - INFO - Удалён устаревший кэш-файл: 2025-01-19.json
2025-05-11 12:17:11,309 - sbis_app - INFO - Получено 3 кассовых аппаратов
2025-05-11 12:17:11,310 - sbis_app - INFO - Запрашиваем данные за период: 2025-01-20 - 2025-01-21
2025-05-11 12:17:11,505 - sbis_app - INFO - Запрос отчета для ККТ 0008869499037417 (ФН: 7380440801926422) с 2025-01-20 по 2025-01-21
2025-05-11 12:17:11,506 - sbis_app - WARNING - Нет данных по ККТ 0008869499037417 за указанный период
2025-05-11 12:17:11,506 - sbis_app - INFO - Нет данных для ККТ 0008869499037417 за период 2025-01-20 - 2025-01-21
2025-05-11 12:17:13,673 - sbis_app - INFO - Запрос отчета для ККТ 0007498924001212 (ФН: 7380440801165774) с 2025-01-20 по 2025-01-21
2025-05-11 12:17:13,675 - sbis_app - INFO - Данные получены! Количество записей: 83
2025-05-11 12:17:16,350 - sbis_app - INFO - Запрос отчета для ККТ 0008260147049848 (ФН: 7380440700545271) с 2025-01-20 по 2025-01-21
2025-05-11 12:17:16,352 - sbis_app - INFO - Данные получены! Количество записей: 118
2025-05-11 12:17:16,360 - sbis_app - INFO - Данные сохранены в кэш для даты 2025-01-20
2025-05-11 12:17:16,361 - sbis_app - INFO - Получено 2 записей для ККТ
2025-05-11 12:17:16,364 - sbis_app - INFO - Удалён устаревший кэш-файл: 2025-01-20.json
2025-05-11 12:17:16,529 - sbis_app - INFO - Получено 3 кассовых аппаратов
2025-05-11 12:17:16,531 - sbis_app - INFO - Запрашиваем данные за период: 2025-01-21 - 2025-01-22
2025-05-11 12:17:16,741 - sbis_app - INFO - Запрос отчета для ККТ 0008869499037417 (ФН: 7380440801926422) с 2025-01-21 по 2025-01-22
2025-05-11 12:17:16,741 - sbis_app - WARNING - Нет данных по ККТ 0008869499037417 за указанный период
2025-05-11 12:17:16,743 - sbis_app - INFO - Нет данных для ККТ 0008869499037417 за период 2025-01-21 - 2025-01-22
2025-05-11 12:17:18,756 - sbis_app - INFO - Запрос отчета для ККТ 0007498924001212 (ФН: 7380440801165774) с 2025-01-21 по 2025-01-22
2025-05-11 12:17:18,758 - sbis_app - INFO - Данные получены! Количество записей: 93
2025-05-11 12:17:22,282 - sbis_app - INFO - Запрос отчета для ККТ 0008260147049848 (ФН: 7380440700545271) с 2025-01-21 по 2025-01-22
2025-05-11 12:17:22,284 - sbis_app - INFO - Данные получены! Количество записей: 150
2025-05-11 12:17:22,293 - sbis_app - INFO - Данные сохранены в кэш для даты 2025-01-21
2025-05-11 12:17:22,294 - sbis_app - INFO - Получено 2 записей для ККТ
2025-05-11 12:17:22,297 - sbis_app - INFO - Удалён устаревший кэш-файл: 2025-01-21.json
2025-05-11 12:17:22,439 - sbis_app - INFO - Получено 3 кассовых аппаратов
2025-05-11 12:17:22,441 - sbis_app - INFO - Запрашиваем данные за период: 2025-01-22 - 2025-01-23
2025-05-11 12:17:22,616 - sbis_app - INFO - Запрос отчета для ККТ 0008869499037417 (ФН: 7380440801926422) с 2025-01-22 по 2025-01-23
2025-05-11 12:17:22,616 - sbis_app - WARNING - Нет данных по ККТ 0008869499037417 за указанный период
2025-05-11 12:17:22,617 - sbis_app - INFO - Нет данных для ККТ 0008869499037417 за период 2025-01-22 - 2025-01-23
2025-05-11 12:17:25,150 - sbis_app - INFO - Запрос отчета для ККТ 0007498924001212 (ФН: 7380440801165774) с 2025-01-22 по 2025-01-23
2025-05-11 12:17:25,152 - sbis_app - INFO - Данные получены! Количество записей: 110
2025-05-11 12:17:28,876 - sbis_app - INFO - Запрос отчета для ККТ 0008260147049848 (ФН: 7380440700545271) с 2025-01-22 по 2025-01-23
2025-05-11 12:17:28,878 - sbis_app - INFO - Данные получены! Количество записей: 157
2025-05-11 12:17:28,888 - sbis_app - INFO - Данные сохранены в кэш для даты 2025-01-22
2025-05-11 12:17:28,888 - sbis_app - INFO - Получено 2 записей для ККТ
2025-05-11 12:17:28,892 - sbis_app - INFO - Удалён устаревший кэш-файл: 2025-01-22.json
2025-05-11 12:17:29,037 - sbis_app - INFO - Получено 3 кассовых аппаратов
2025-05-11 12:17:29,039 - sbis_app - INFO - Запрашиваем данные за период: 2025-01-23 - 2025-01-24
2025-05-11 12:17:29,253 - sbis_app - INFO - Запрос отчета для ККТ 0008869499037417 (ФН: 7380440801926422) с 2025-01-23 по 2025-01-24
2025-05-11 12:17:29,254 - sbis_app - WARNING - Нет данных по ККТ 0008869499037417 за указанный период
2025-05-11 12:17:29,254 - sbis_app - INFO - Нет данных для ККТ 0008869499037417 за период 2025-01-23 - 2025-01-24
2025-05-11 12:17:31,671 - sbis_app - INFO - Запрос отчета для ККТ 0007498924001212 (ФН: 7380440801165774) с 2025-01-23 по 2025-01-24
2025-05-11 12:17:31,672 - sbis_app - INFO - Данные получены! Количество записей: 111
2025-05-11 12:17:35,005 - sbis_app - INFO - Запрос отчета для ККТ 0008260147049848 (ФН: 7380440700545271) с 2025-01-23 по 2025-01-24
2025-05-11 12:17:35,006 - sbis_app - INFO - Данные получены! Количество записей: 160
2025-05-11 12:17:35,016 - sbis_app - INFO - Данные сохранены в кэш для даты 2025-01-23
2025-05-11 12:17:35,017 - sbis_app - INFO - Получено 2 записей для ККТ
2025-05-11 12:17:35,019 - sbis_app - INFO - Удалён устаревший кэш-файл: 2025-01-23.json
2025-05-11 12:17:35,160 - sbis_app - INFO - Получено 3 кассовых аппаратов
2025-05-11 12:17:35,162 - sbis_app - INFO - Запрашиваем данные за период: 2025-01-24 - 2025-01-25
2025-05-11 12:17:35,363 - sbis_app - INFO - Запрос отчета для ККТ 0008869499037417 (ФН: 7380440801926422) с 2025-01-24 по 2025-01-25
2025-05-11 12:17:35,363 - sbis_app - WARNING - Нет данных по ККТ 0008869499037417 за указанный период
2025-05-11 12:17:35,364 - sbis_app - INFO - Нет данных для ККТ 0008869499037417 за период 2025-01-24 - 2025-01-25
2025-05-11 12:17:37,814 - sbis_app - INFO - Запрос отчета для ККТ 0007498924001212 (ФН: 7380440801165774) с 2025-01-24 по 2025-01-25
2025-05-11 12:17:37,815 - sbis_app - INFO - Данные получены! Количество записей: 101
2025-05-11 12:17:41,143 - sbis_app - INFO - Запрос отчета для ККТ 0008260147049848 (ФН: 7380440700545271) с 2025-01-24 по 2025-01-25
2025-05-11 12:17:41,144 - sbis_app - INFO - Данные получены! Количество записей: 148
2025-05-11 12:17:41,154 - sbis_app - INFO - Данные сохранены в кэш для даты 2025-01-24
2025-05-11 12:17:41,155 - sbis_app - INFO - Получено 2 записей для ККТ
2025-05-11 12:17:41,158 - sbis_app - INFO - Удалён устаревший кэш-файл: 2025-01-24.json
2025-05-11 12:17:41,294 - sbis_app - INFO - Получено 3 кассовых аппаратов
2025-05-11 12:17:41,297 - sbis_app - INFO - Запрашиваем данные за период: 2025-01-25 - 2025-01-26
2025-05-11 12:17:41,524 - sbis_app - INFO - Запрос отчета для ККТ 0008869499037417 (ФН: 7380440801926422) с 2025-01-25 по 2025-01-26
2025-05-11 12:17:41,525 - sbis_app - WARNING - Нет данных по ККТ 0008869499037417 за указанный период
2025-05-11 12:17:41,526 - sbis_app - INFO - Нет данных для ККТ 0008869499037417 за период 2025-01-25 - 2025-01-26
2025-05-11 12:17:43,424 - sbis_app - INFO - Запрос отчета для ККТ 0007498924001212 (ФН: 7380440801165774) с 2025-01-25 по 2025-01-26
2025-05-11 12:17:43,425 - sbis_app - INFO - Данные получены! Количество записей: 74
2025-05-11 12:17:45,157 - sbis_app - INFO - Запрос отчета для ККТ 0008260147049848 (ФН: 7380440700545271) с 2025-01-25 по 2025-01-26
2025-05-11 12:17:45,158 - sbis_app - INFO - Данные получены! Количество записей: 78
2025-05-11 12:17:45,165 - sbis_app - INFO - Данные сохранены в кэш для даты 2025-01-25
2025-05-11 12:17:45,165 - sbis_app - INFO - Получено 2 записей для ККТ
2025-05-11 12:17:45,168 - sbis_app - INFO - Удалён устаревший кэш-файл: 2025-01-25.json
2025-05-11 12:17:45,299 - sbis_app - INFO - Получено 3 кассовых аппаратов
2025-05-11 12:17:45,301 - sbis_app - INFO - Запрашиваем данные за период: 2025-01-26 - 2025-01-27
2025-05-11 12:17:45,501 - sbis_app - INFO - Запрос отчета для ККТ 0008869499037417 (ФН: 7380440801926422) с 2025-01-26 по 2025-01-27
2025-05-11 12:17:45,502 - sbis_app - WARNING - Нет данных по ККТ 0008869499037417 за указанный период
2025-05-11 12:17:45,503 - sbis_app - INFO - Нет данных для ККТ 0008869499037417 за период 2025-01-26 - 2025-01-27
2025-05-11 12:17:46,915 - sbis_app - INFO - Запрос отчета для ККТ 0007498924001212 (ФН: 7380440801165774) с 2025-01-26 по 2025-01-27
2025-05-11 12:17:46,916 - sbis_app - INFO - Данные получены! Количество записей: 60
2025-05-11 12:17:48,709 - sbis_app - INFO - Запрос отчета для ККТ 0008260147049848 (ФН: 7380440700545271) с 2025-01-26 по 2025-01-27
2025-05-11 12:17:48,710 - sbis_app - INFO - Данные получены! Количество записей: 58
2025-05-11 12:17:48,716 - sbis_app - INFO - Данные сохранены в кэш для даты 2025-01-26
2025-05-11 12:17:48,717 - sbis_app - INFO - Получено 2 записей для ККТ
2025-05-11 12:17:48,720 - sbis_app - INFO - Удалён устаревший кэш-файл: 2025-01-26.json
2025-05-11 12:17:48,851 - sbis_app - INFO - Получено 3 кассовых аппаратов
2025-05-11 12:17:48,853 - sbis_app - INFO - Запрашиваем данные за период: 2025-01-27 - 2025-01-28
2025-05-11 12:17:48,981 - sbis_app - INFO - Запрос отчета для ККТ 0008869499037417 (ФН: 7380440801926422) с 2025-01-27 по 2025-01-28
2025-05-11 12:17:48,982 - sbis_app - WARNING - Нет данных по ККТ 0008869499037417 за указанный период
2025-05-11 12:17:48,983 - sbis_app - INFO - Нет данных для ККТ 0008869499037417 за период 2025-01-27 - 2025-01-28
2025-05-11 12:17:49,469 - sbis_app - INFO - Запрос отчета для ККТ 0007498924001212 (ФН: 7380440801165774) с 2025-01-27 по 2025-01-28
2025-05-11 12:17:49,470 - sbis_app - INFO - Данные получены! Количество записей: 88
2025-05-11 12:17:49,940 - sbis_app - INFO - Запрос отчета для ККТ 0008260147049848 (ФН: 7380440700545271) с 2025-01-27 по 2025-01-28
2025-05-11 12:17:49,942 - sbis_app - INFO - Данные получены! Количество записей: 150
2025-05-11 12:17:49,950 - sbis_app - INFO - Данные сохранены в кэш для даты 2025-01-27
2025-05-11 12:17:49,951 - sbis_app - INFO - Получено 2 записей для ККТ
2025-05-11 12:17:49,955 - sbis_app - INFO - Удалён устаревший кэш-файл: 2025-01-27.json
2025-05-11 12:17:50,087 - sbis_app - INFO - Получено 3 кассовых аппаратов
2025-05-11 12:17:50,089 - sbis_app - INFO - Запрашиваем данные за период: 2025-01-28 - 2025-01-29
2025-05-11 12:17:50,219 - sbis_app - INFO - Запрос отчета для ККТ 0008869499037417 (ФН: 7380440801926422) с 2025-01-28 по 2025-01-29
2025-05-11 12:17:50,220 - sbis_app - WARNING - Нет данных по ККТ 0008869499037417 за указанный период
2025-05-11 12:17:50,221 - sbis_app - INFO - Нет данных для ККТ 0008869499037417 за период 2025-01-28 - 2025-01-29
2025-05-11 12:17:50,537 - sbis_app - INFO - Запрос отчета для ККТ 0007498924001212 (ФН: 7380440801165774) с 2025-01-28 по 2025-01-29
2025-05-11 12:17:50,539 - sbis_app - INFO - Данные получены! Количество записей: 95
2025-05-11 12:17:50,907 - sbis_app - INFO - Запрос отчета для ККТ 0008260147049848 (ФН: 7380440700545271) с 2025-01-28 по 2025-01-29
2025-05-11 12:17:50,909 - sbis_app - INFO - Данные получены! Количество записей: 142
2025-05-11 12:17:50,919 - sbis_app - INFO - Данные сохранены в кэш для даты 2025-01-28
2025-05-11 12:17:50,919 - sbis_app - INFO - Получено 2 записей для ККТ
2025-05-11 12:17:50,923 - sbis_app - INFO - Удалён устаревший кэш-файл: 2025-01-28.json
2025-05-11 12:17:51,060 - sbis_app - INFO - Получено 3 кассовых аппаратов
2025-05-11 12:17:51,062 - sbis_app - INFO - Запрашиваем данные за период: 2025-01-29 - 2025-01-30
2025-05-11 12:17:51,200 - sbis_app - INFO - Запрос отчета для ККТ 0008869499037417 (ФН: 7380440801926422) с 2025-01-29 по 2025-01-30
2025-05-11 12:17:51,201 - sbis_app - WARNING - Нет данных по ККТ 0008869499037417 за указанный период
2025-05-11 12:17:51,201 - sbis_app - INFO - Нет данных для ККТ 0008869499037417 за период 2025-01-29 - 2025-01-30
2025-05-11 12:17:52,242 - sbis_app - INFO - Запрос отчета для ККТ 0007498924001212 (ФН: 7380440801165774) с 2025-01-29 по 2025-01-30
2025-05-11 12:17:52,243 - sbis_app - INFO - Данные получены! Количество записей: 101
2025-05-11 12:17:53,930 - sbis_app - INFO - Запрос отчета для ККТ 0008260147049848 (ФН: 7380440700545271) с 2025-01-29 по 2025-01-30
2025-05-11 12:17:53,931 - sbis_app - INFO - Данные получены! Количество записей: 167
2025-05-11 12:17:53,941 - sbis_app - INFO - Данные сохранены в кэш для даты 2025-01-29
2025-05-11 12:17:53,942 - sbis_app - INFO - Получено 2 записей для ККТ
2025-05-11 12:17:53,945 - sbis_app - INFO - Удалён устаревший кэш-файл: 2025-01-29.json
2025-05-11 12:17:54,093 - sbis_app - INFO - Получено 3 кассовых аппаратов
2025-05-11 12:17:54,096 - sbis_app - INFO - Запрашиваем данные за период: 2025-01-30 - 2025-01-31
2025-05-11 12:17:54,225 - sbis_app - INFO - Запрос отчета для ККТ 0008869499037417 (ФН: 7380440801926422) с 2025-01-30 по 2025-01-31
2025-05-11 12:17:54,225 - sbis_app - WARNING - Нет данных по ККТ 0008869499037417 за указанный период
2025-05-11 12:17:54,226 - sbis_app - INFO - Нет данных для ККТ 0008869499037417 за период 2025-01-30 - 2025-01-31
2025-05-11 12:17:54,585 - sbis_app - INFO - Запрос отчета для ККТ 0007498924001212 (ФН: 7380440801165774) с 2025-01-30 по 2025-01-31
2025-05-11 12:17:54,587 - sbis_app - INFO - Данные получены! Количество записей: 106
2025-05-11 12:17:54,872 - sbis_app - INFO - Запрос отчета для ККТ 0008260147049848 (ФН: 7380440700545271) с 2025-01-30 по 2025-01-31
2025-05-11 12:17:54,873 - sbis_app - INFO - Данные получены! Количество записей: 153
2025-05-11 12:17:54,884 - sbis_app - INFO - Данные сохранены в кэш для даты 2025-01-30
2025-05-11 12:17:54,884 - sbis_app - INFO - Получено 2 записей для ККТ
2025-05-11 12:17:54,888 - sbis_app - INFO - Удалён устаревший кэш-файл: 2025-01-30.json
2025-05-11 12:17:55,015 - sbis_app - INFO - Получено 3 кассовых аппаратов
2025-05-11 12:17:55,017 - sbis_app - INFO - Запрашиваем данные за период: 2025-01-31 - 2025-02-01
2025-05-11 12:17:55,141 - sbis_app - INFO - Запрос отчета для ККТ 0008869499037417 (ФН: 7380440801926422) с 2025-01-31 по 2025-02-01
2025-05-11 12:17:55,141 - sbis_app - WARNING - Нет данных по ККТ 0008869499037417 за указанный период
2025-05-11 12:17:55,142 - sbis_app - INFO - Нет данных для ККТ 0008869499037417 за период 2025-01-31 - 2025-02-01
2025-05-11 12:17:55,489 - sbis_app - INFO - Запрос отчета для ККТ 0007498924001212 (ФН: 7380440801165774) с 2025-01-31 по 2025-02-01
2025-05-11 12:17:55,491 - sbis_app - INFO - Данные получены! Количество записей: 92
2025-05-11 12:17:55,801 - sbis_app - INFO - Запрос отчета для ККТ 0008260147049848 (ФН: 7380440700545271) с 2025-01-31 по 2025-02-01
2025-05-11 12:17:55,803 - sbis_app - INFO - Данные получены! Количество записей: 156
2025-05-11 12:17:55,812 - sbis_app - INFO - Данные сохранены в кэш для даты 2025-01-31
2025-05-11 12:17:55,813 - sbis_app - INFO - Получено 2 записей для ККТ
2025-05-11 12:17:55,816 - sbis_app - INFO - Удалён устаревший кэш-файл: 2025-01-31.json
2025-05-11 12:17:55,957 - sbis_app - INFO - Получено 3 кассовых аппаратов
2025-05-11 12:17:55,959 - sbis_app - INFO - Запрашиваем данные за период: 2025-02-01 - 2025-02-02
2025-05-11 12:17:56,077 - sbis_app - INFO - Запрос отчета для ККТ 0008869499037417 (ФН: 7380440801926422) с 2025-02-01 по 2025-02-02
2025-05-11 12:17:56,078 - sbis_app - WARNING - Нет данных по ККТ 0008869499037417 за указанный период
2025-05-11 12:17:56,078 - sbis_app - INFO - Нет данных для ККТ 0008869499037417 за период 2025-02-01 - 2025-02-02
2025-05-11 12:17:56,415 - sbis_app - INFO - Запрос отчета для ККТ 0007498924001212 (ФН: 7380440801165774) с 2025-02-01 по 2025-02-02
2025-05-11 12:17:56,417 - sbis_app - INFO - Данные получены! Количество записей: 77
2025-05-11 12:17:56,702 - sbis_app - INFO - Запрос отчета для ККТ 0008260147049848 (ФН: 7380440700545271) с 2025-02-01 по 2025-02-02
2025-05-11 12:17:56,703 - sbis_app - INFO - Данные получены! Количество записей: 75
2025-05-11 12:17:56,710 - sbis_app - INFO - Данные сохранены в кэш для даты 2025-02-01
2025-05-11 12:17:56,711 - sbis_app - INFO - Получено 2 записей для ККТ
2025-05-11 12:17:56,713 - sbis_app - INFO - Удалён устаревший кэш-файл: 2025-02-01.json
2025-05-11 12:17:56,842 - sbis_app - INFO - Получено 3 кассовых аппаратов
2025-05-11 12:17:56,843 - sbis_app - INFO - Запрашиваем данные за период: 2025-02-02 - 2025-02-03
2025-05-11 12:17:56,986 - sbis_app - INFO - Запрос отчета для ККТ 0008869499037417 (ФН: 7380440801926422) с 2025-02-02 по 2025-02-03
2025-05-11 12:17:56,987 - sbis_app - WARNING - Нет данных по ККТ 0008869499037417 за указанный период
2025-05-11 12:17:56,988 - sbis_app - INFO - Нет данных для ККТ 0008869499037417 за период 2025-02-02 - 2025-02-03
2025-05-11 12:17:57,329 - sbis_app - INFO - Запрос отчета для ККТ 0007498924001212 (ФН: 7380440801165774) с 2025-02-02 по 2025-02-03
2025-05-11 12:17:57,330 - sbis_app - INFO - Данные получены! Количество записей: 60
2025-05-11 12:17:57,632 - sbis_app - INFO - Запрос отчета для ККТ 0008260147049848 (ФН: 7380440700545271) с 2025-02-02 по 2025-02-03
2025-05-11 12:17:57,633 - sbis_app - INFO - Данные получены! Количество записей: 49
2025-05-11 12:17:57,639 - sbis_app - INFO - Данные сохранены в кэш для даты 2025-02-02
2025-05-11 12:17:57,640 - sbis_app - INFO - Получено 2 записей для ККТ
2025-05-11 12:17:57,644 - sbis_app - INFO - Удалён устаревший кэш-файл: 2025-02-02.json
2025-05-11 12:17:57,785 - sbis_app - INFO - Получено 3 кассовых аппаратов
2025-05-11 12:17:57,787 - sbis_app - INFO - Запрашиваем данные за период: 2025-02-03 - 2025-02-04
2025-05-11 12:17:57,912 - sbis_app - INFO - Запрос отчета для ККТ 0008869499037417 (ФН: 7380440801926422) с 2025-02-03 по 2025-02-04
2025-05-11 12:17:57,913 - sbis_app - WARNING - Нет данных по ККТ 0008869499037417 за указанный период
2025-05-11 12:17:57,914 - sbis_app - INFO - Нет данных для ККТ 0008869499037417 за период 2025-02-03 - 2025-02-04
2025-05-11 12:17:58,226 - sbis_app - INFO - Запрос отчета для ККТ 0007498924001212 (ФН: 7380440801165774) с 2025-02-03 по 2025-02-04
2025-05-11 12:17:58,227 - sbis_app - INFO - Данные получены! Количество записей: 77
2025-05-11 12:17:58,617 - sbis_app - INFO - Запрос отчета для ККТ 0008260147049848 (ФН: 7380440700545271) с 2025-02-03 по 2025-02-04
2025-05-11 12:17:58,618 - sbis_app - INFO - Данные получены! Количество записей: 164
2025-05-11 12:17:58,628 - sbis_app - INFO - Данные сохранены в кэш для даты 2025-02-03
2025-05-11 12:17:58,628 - sbis_app - INFO - Получено 2 записей для ККТ
2025-05-11 12:17:58,632 - sbis_app - INFO - Удалён устаревший кэш-файл: 2025-02-03.json
2025-05-11 12:17:58,764 - sbis_app - INFO - Получено 3 кассовых аппаратов
2025-05-11 12:17:58,766 - sbis_app - INFO - Запрашиваем данные за период: 2025-02-04 - 2025-02-05
2025-05-11 12:17:58,886 - sbis_app - INFO - Запрос отчета для ККТ 0008869499037417 (ФН: 7380440801926422) с 2025-02-04 по 2025-02-05
2025-05-11 12:17:58,887 - sbis_app - WARNING - Нет данных по ККТ 0008869499037417 за указанный период
2025-05-11 12:17:58,888 - sbis_app - INFO - Нет данных для ККТ 0008869499037417 за период 2025-02-04 - 2025-02-05
2025-05-11 12:17:59,226 - sbis_app - INFO - Запрос отчета для ККТ 0007498924001212 (ФН: 7380440801165774) с 2025-02-04 по 2025-02-05
2025-05-11 12:17:59,227 - sbis_app - INFO - Данные получены! Количество записей: 95
2025-05-11 12:17:59,573 - sbis_app - INFO - Запрос отчета для ККТ 0008260147049848 (ФН: 7380440700545271) с 2025-02-04 по 2025-02-05
2025-05-11 12:17:59,575 - sbis_app - INFO - Данные получены! Количество записей: 169
2025-05-11 12:17:59,584 - sbis_app - INFO - Данные сохранены в кэш для даты 2025-02-04
2025-05-11 12:17:59,585 - sbis_app - INFO - Получено 2 записей для ККТ
2025-05-11 12:17:59,589 - sbis_app - INFO - Удалён устаревший кэш-файл: 2025-02-04.json
2025-05-11 12:17:59,721 - sbis_app - INFO - Получено 3 кассовых аппаратов
2025-05-11 12:17:59,723 - sbis_app - INFO - Запрашиваем данные за период: 2025-02-05 - 2025-02-06
2025-05-11 12:17:59,838 - sbis_app - INFO - Запрос отчета для ККТ 0008869499037417 (ФН: 7380440801926422) с 2025-02-05 по 2025-02-06
2025-05-11 12:17:59,839 - sbis_app - WARNING - Нет данных по ККТ 0008869499037417 за указанный период
2025-05-11 12:17:59,840 - sbis_app - INFO - Нет данных для ККТ 0008869499037417 за период 2025-02-05 - 2025-02-06
2025-05-11 12:18:00,140 - sbis_app - INFO - Запрос отчета для ККТ 0007498924001212 (ФН: 7380440801165774) с 2025-02-05 по 2025-02-06
2025-05-11 12:18:00,141 - sbis_app - INFO - Данные получены! Количество записей: 91
2025-05-11 12:18:00,475 - sbis_app - INFO - Запрос отчета для ККТ 0008260147049848 (ФН: 7380440700545271) с 2025-02-05 по 2025-02-06
2025-05-11 12:18:00,476 - sbis_app - INFO - Данные получены! Количество записей: 154
2025-05-11 12:18:00,485 - sbis_app - INFO - Данные сохранены в кэш для даты 2025-02-05
2025-05-11 12:18:00,486 - sbis_app - INFO - Получено 2 записей для ККТ
2025-05-11 12:18:00,490 - sbis_app - INFO - Удалён устаревший кэш-файл: 2025-02-05.json
2025-05-11 12:18:00,626 - sbis_app - INFO - Получено 3 кассовых аппаратов
2025-05-11 12:18:00,628 - sbis_app - INFO - Запрашиваем данные за период: 2025-02-06 - 2025-02-07
2025-05-11 12:18:00,766 - sbis_app - INFO - Запрос отчета для ККТ 0008869499037417 (ФН: 7380440801926422) с 2025-02-06 по 2025-02-07
2025-05-11 12:18:00,766 - sbis_app - WARNING - Нет данных по ККТ 0008869499037417 за указанный период
2025-05-11 12:18:00,767 - sbis_app - INFO - Нет данных для ККТ 0008869499037417 за период 2025-02-06 - 2025-02-07
2025-05-11 12:18:01,093 - sbis_app - INFO - Запрос отчета для ККТ 0007498924001212 (ФН: 7380440801165774) с 2025-02-06 по 2025-02-07
2025-05-11 12:18:01,094 - sbis_app - INFO - Данные получены! Количество записей: 86
2025-05-11 12:18:01,440 - sbis_app - INFO - Запрос отчета для ККТ 0008260147049848 (ФН: 7380440700545271) с 2025-02-06 по 2025-02-07
2025-05-11 12:18:01,441 - sbis_app - INFO - Данные получены! Количество записей: 152
2025-05-11 12:18:01,450 - sbis_app - INFO - Данные сохранены в кэш для даты 2025-02-06
2025-05-11 12:18:01,451 - sbis_app - INFO - Получено 2 записей для ККТ
2025-05-11 12:18:01,455 - sbis_app - INFO - Удалён устаревший кэш-файл: 2025-02-06.json
2025-05-11 12:18:01,595 - sbis_app - INFO - Получено 3 кассовых аппаратов
2025-05-11 12:18:01,597 - sbis_app - INFO - Запрашиваем данные за период: 2025-02-07 - 2025-02-08
2025-05-11 12:18:01,716 - sbis_app - INFO - Запрос отчета для ККТ 0008869499037417 (ФН: 7380440801926422) с 2025-02-07 по 2025-02-08
2025-05-11 12:18:01,717 - sbis_app - WARNING - Нет данных по ККТ 0008869499037417 за указанный период
2025-05-11 12:18:01,718 - sbis_app - INFO - Нет данных для ККТ 0008869499037417 за период 2025-02-07 - 2025-02-08
2025-05-11 12:18:02,006 - sbis_app - INFO - Запрос отчета для ККТ 0007498924001212 (ФН: 7380440801165774) с 2025-02-07 по 2025-02-08
2025-05-11 12:18:02,008 - sbis_app - INFO - Данные получены! Количество записей: 109
2025-05-11 12:18:02,300 - sbis_app - INFO - Запрос отчета для ККТ 0008260147049848 (ФН: 7380440700545271) с 2025-02-07 по 2025-02-08
2025-05-11 12:18:02,301 - sbis_app - INFO - Данные получены! Количество записей: 165
2025-05-11 12:18:02,312 - sbis_app - INFO - Данные сохранены в кэш для даты 2025-02-07
2025-05-11 12:18:02,313 - sbis_app - INFO - Получено 2 записей для ККТ
2025-05-11 12:18:02,316 - sbis_app - INFO - Удалён устаревший кэш-файл: 2025-02-07.json
2025-05-11 12:18:02,446 - sbis_app - INFO - Получено 3 кассовых аппаратов
2025-05-11 12:18:02,448 - sbis_app - INFO - Запрашиваем данные за период: 2025-02-08 - 2025-02-09
2025-05-11 12:18:02,566 - sbis_app - INFO - Запрос отчета для ККТ 0008869499037417 (ФН: 7380440801926422) с 2025-02-08 по 2025-02-09
2025-05-11 12:18:02,566 - sbis_app - WARNING - Нет данных по ККТ 0008869499037417 за указанный период
2025-05-11 12:18:02,567 - sbis_app - INFO - Нет данных для ККТ 0008869499037417 за период 2025-02-08 - 2025-02-09
2025-05-11 12:18:02,786 - sbis_app - INFO - Запрос отчета для ККТ 0007498924001212 (ФН: 7380440801165774) с 2025-02-08 по 2025-02-09
2025-05-11 12:18:02,787 - sbis_app - INFO - Данные получены! Количество записей: 60
2025-05-11 12:18:03,066 - sbis_app - INFO - Запрос отчета для ККТ 0008260147049848 (ФН: 7380440700545271) с 2025-02-08 по 2025-02-09
2025-05-11 12:18:03,067 - sbis_app - INFO - Данные получены! Количество записей: 65
2025-05-11 12:18:03,074 - sbis_app - INFO - Данные сохранены в кэш для даты 2025-02-08
2025-05-11 12:18:03,075 - sbis_app - INFO - Получено 2 записей для ККТ
2025-05-11 12:18:03,077 - sbis_app - INFO - Удалён устаревший кэш-файл: 2025-02-08.json
2025-05-11 12:18:03,208 - sbis_app - INFO - Получено 3 кассовых аппаратов
2025-05-11 12:18:03,210 - sbis_app - INFO - Запрашиваем данные за период: 2025-02-09 - 2025-02-10
2025-05-11 12:18:03,319 - sbis_app - INFO - Запрос отчета для ККТ 0008869499037417 (ФН: 7380440801926422) с 2025-02-09 по 2025-02-10
2025-05-11 12:18:03,320 - sbis_app - WARNING - Нет данных по ККТ 0008869499037417 за указанный период
2025-05-11 12:18:03,320 - sbis_app - INFO - Нет данных для ККТ 0008869499037417 за период 2025-02-09 - 2025-02-10
2025-05-11 12:18:03,483 - sbis_app - INFO - Запрос отчета для ККТ 0007498924001212 (ФН: 7380440801165774) с 2025-02-09 по 2025-02-10
2025-05-11 12:18:03,485 - sbis_app - INFO - Данные получены! Количество записей: 53
2025-05-11 12:18:03,636 - sbis_app - INFO - Запрос отчета для ККТ 0008260147049848 (ФН: 7380440700545271) с 2025-02-09 по 2025-02-10
2025-05-11 12:18:03,637 - sbis_app - INFO - Данные получены! Количество записей: 57
2025-05-11 12:18:03,643 - sbis_app - INFO - Данные сохранены в кэш для даты 2025-02-09
2025-05-11 12:18:03,644 - sbis_app - INFO - Получено 2 записей для ККТ
2025-05-11 12:18:03,647 - sbis_app - INFO - Удалён устаревший кэш-файл: 2025-02-09.json
2025-05-11 12:18:03,784 - sbis_app - INFO - Получено 3 кассовых аппаратов
2025-05-11 12:18:03,799 - sbis_app - INFO - Данные найдены в кэше для 2025-02-10
2025-05-11 12:18:03,800 - sbis_app - INFO - Получено 2 записей для ККТ
2025-05-11 12:18:03,935 - sbis_app - INFO - Получено 3 кассовых аппаратов
2025-05-11 12:18:03,949 - sbis_app - INFO - Данные найдены в кэше для 2025-02-11
2025-05-11 12:18:03,949 - sbis_app - INFO - Получено 2 записей для ККТ
2025-05-11 12:18:04,072 - sbis_app - INFO - Получено 3 кассовых аппаратов
2025-05-11 12:18:04,087 - sbis_app - INFO - Данные найдены в кэше для 2025-02-12
2025-05-11 12:18:04,088 - sbis_app - INFO - Получено 2 записей для ККТ
2025-05-11 12:18:04,218 - sbis_app - INFO - Получено 3 кассовых аппаратов
2025-05-11 12:18:04,232 - sbis_app - INFO - Данные найдены в кэше для 2025-02-13
2025-05-11 12:18:04,233 - sbis_app - INFO - Получено 2 записей для ККТ
2025-05-11 12:18:04,361 - sbis_app - INFO - Получено 3 кассовых аппаратов
2025-05-11 12:18:04,376 - sbis_app - INFO - Данные найдены в кэше для 2025-02-14
2025-05-11 12:18:04,376 - sbis_app - INFO - Получено 2 записей для ККТ
2025-05-11 12:18:04,515 - sbis_app - INFO - Получено 3 кассовых аппаратов
2025-05-11 12:18:04,528 - sbis_app - INFO - Данные найдены в кэше для 2025-02-15
2025-05-11 12:18:04,529 - sbis_app - INFO - Получено 2 записей для ККТ
2025-05-11 12:18:04,661 - sbis_app - INFO - Получено 3 кассовых аппаратов
2025-05-11 12:18:04,676 - sbis_app - INFO - Данные найдены в кэше для 2025-02-16
2025-05-11 12:18:04,676 - sbis_app - INFO - Получено 2 записей для ККТ
2025-05-11 12:18:04,800 - sbis_app - INFO - Получено 3 кассовых аппаратов
2025-05-11 12:18:04,814 - sbis_app - INFO - Данные найдены в кэше для 2025-02-17
2025-05-11 12:18:04,815 - sbis_app - INFO - Получено 2 записей для ККТ
2025-05-11 12:18:04,944 - sbis_app - INFO - Получено 3 кассовых аппаратов
2025-05-11 12:18:04,957 - sbis_app - INFO - Данные найдены в кэше для 2025-02-18
2025-05-11 12:18:04,958 - sbis_app - INFO - Получено 2 записей для ККТ
2025-05-11 12:18:05,091 - sbis_app - INFO - Получено 3 кассовых аппаратов
2025-05-11 12:18:05,106 - sbis_app - INFO - Данные найдены в кэше для 2025-02-19
2025-05-11 12:18:05,107 - sbis_app - INFO - Получено 2 записей для ККТ
2025-05-11 12:18:05,236 - sbis_app - INFO - Получено 3 кассовых аппаратов
2025-05-11 12:18:05,251 - sbis_app - INFO - Данные найдены в кэше для 2025-02-20
2025-05-11 12:18:05,252 - sbis_app - INFO - Получено 2 записей для ККТ
2025-05-11 12:18:05,388 - sbis_app - INFO - Получено 3 кассовых аппаратов
2025-05-11 12:18:05,403 - sbis_app - INFO - Данные найдены в кэше для 2025-02-21
2025-05-11 12:18:05,404 - sbis_app - INFO - Получено 2 записей для ККТ
2025-05-11 12:18:05,542 - sbis_app - INFO - Получено 3 кассовых аппаратов
2025-05-11 12:18:05,553 - sbis_app - INFO - Данные найдены в кэше для 2025-02-22
2025-05-11 12:18:05,554 - sbis_app - INFO - Получено 2 записей для ККТ
2025-05-11 12:18:05,685 - sbis_app - INFO - Получено 3 кассовых аппаратов
2025-05-11 12:18:05,699 - sbis_app - INFO - Данные найдены в кэше для 2025-02-23
2025-05-11 12:18:05,700 - sbis_app - INFO - Получено 2 записей для ККТ
2025-05-11 12:18:05,836 - sbis_app - INFO - Получено 3 кассовых аппаратов
2025-05-11 12:18:05,850 - sbis_app - INFO - Данные найдены в кэше для 2025-02-24
2025-05-11 12:18:05,851 - sbis_app - INFO - Получено 2 записей для ККТ
2025-05-11 12:18:05,985 - sbis_app - INFO - Получено 3 кассовых аппаратов
2025-05-11 12:18:06,001 - sbis_app - INFO - Данные найдены в кэше для 2025-02-25
2025-05-11 12:18:06,001 - sbis_app - INFO - Получено 2 записей для ККТ
2025-05-11 12:18:06,142 - sbis_app - INFO - Получено 3 кассовых аппаратов
2025-05-11 12:18:06,157 - sbis_app - INFO - Данные найдены в кэше для 2025-02-26
2025-05-11 12:18:06,158 - sbis_app - INFO - Получено 2 записей для ККТ
2025-05-11 12:18:06,289 - sbis_app - INFO - Получено 3 кассовых аппаратов
2025-05-11 12:18:06,303 - sbis_app - INFO - Данные найдены в кэше для 2025-02-27
2025-05-11 12:18:06,304 - sbis_app - INFO - Получено 2 записей для ККТ
2025-05-11 12:18:06,441 - sbis_app - INFO - Получено 3 кассовых аппаратов
2025-05-11 12:18:06,456 - sbis_app - INFO - Данные найдены в кэше для 2025-02-28
2025-05-11 12:18:06,457 - sbis_app - INFO - Получено 2 записей для ККТ
2025-05-11 12:18:06,585 - sbis_app - INFO - Получено 3 кассовых аппаратов
2025-05-11 12:18:06,587 - sbis_app - INFO - Запрашиваем данные за период: 2025-03-01 - 2025-03-02
2025-05-11 12:18:06,708 - sbis_app - INFO - Запрос отчета для ККТ 0008869499037417 (ФН: 7380440801926422) с 2025-03-01 по 2025-03-02
2025-05-11 12:18:06,709 - sbis_app - WARNING - Нет данных по ККТ 0008869499037417 за указанный период
2025-05-11 12:18:06,710 - sbis_app - INFO - Нет данных для ККТ 0008869499037417 за период 2025-03-01 - 2025-03-02
2025-05-11 12:18:06,869 - sbis_app - INFO - Запрос отчета для ККТ 0007498924001212 (ФН: 7380440801165774) с 2025-03-01 по 2025-03-02
2025-05-11 12:18:06,870 - sbis_app - INFO - Данные получены! Количество записей: 63
2025-05-11 12:18:07,040 - sbis_app - INFO - Запрос отчета для ККТ 0008260147049848 (ФН: 7380440700545271) с 2025-03-01 по 2025-03-02
2025-05-11 12:18:07,041 - sbis_app - INFO - Данные получены! Количество записей: 69
2025-05-11 12:18:07,047 - sbis_app - INFO - Данные сохранены в кэш для даты 2025-03-01
2025-05-11 12:18:07,048 - sbis_app - INFO - Получено 2 записей для ККТ
2025-05-11 12:18:07,183 - sbis_app - INFO - Получено 3 кассовых аппаратов
2025-05-11 12:18:07,185 - sbis_app - INFO - Запрашиваем данные за период: 2025-03-02 - 2025-03-03
2025-05-11 12:18:07,304 - sbis_app - INFO - Запрос отчета для ККТ 0008869499037417 (ФН: 7380440801926422) с 2025-03-02 по 2025-03-03
2025-05-11 12:18:07,305 - sbis_app - WARNING - Нет данных по ККТ 0008869499037417 за указанный период
2025-05-11 12:18:07,306 - sbis_app - INFO - Нет данных для ККТ 0008869499037417 за период 2025-03-02 - 2025-03-03
2025-05-11 12:18:07,474 - sbis_app - INFO - Запрос отчета для ККТ 0007498924001212 (ФН: 7380440801165774) с 2025-03-02 по 2025-03-03
2025-05-11 12:18:07,475 - sbis_app - INFO - Данные получены! Количество записей: 50
2025-05-11 12:18:07,628 - sbis_app - INFO - Запрос отчета для ККТ 0008260147049848 (ФН: 7380440700545271) с 2025-03-02 по 2025-03-03
2025-05-11 12:18:07,629 - sbis_app - INFO - Данные получены! Количество записей: 51
2025-05-11 12:18:07,635 - sbis_app - INFO - Данные сохранены в кэш для даты 2025-03-02
2025-05-11 12:18:07,636 - sbis_app - INFO - Получено 2 записей для ККТ
2025-05-11 12:18:07,767 - sbis_app - INFO - Получено 3 кассовых аппаратов
2025-05-11 12:18:07,769 - sbis_app - INFO - Запрашиваем данные за период: 2025-03-03 - 2025-03-04
2025-05-11 12:18:07,890 - sbis_app - INFO - Запрос отчета для ККТ 0008869499037417 (ФН: 7380440801926422) с 2025-03-03 по 2025-03-04
2025-05-11 12:18:07,891 - sbis_app - WARNING - Нет данных по ККТ 0008869499037417 за указанный период
2025-05-11 12:18:07,892 - sbis_app - INFO - Нет данных для ККТ 0008869499037417 за период 2025-03-03 - 2025-03-04
2025-05-11 12:18:08,079 - sbis_app - INFO - Запрос отчета для ККТ 0007498924001212 (ФН: 7380440801165774) с 2025-03-03 по 2025-03-04
2025-05-11 12:18:08,081 - sbis_app - INFO - Данные получены! Количество записей: 84
2025-05-11 12:18:08,456 - sbis_app - INFO - Запрос отчета для ККТ 0008260147049848 (ФН: 7380440700545271) с 2025-03-03 по 2025-03-04
2025-05-11 12:18:08,458 - sbis_app - INFO - Данные получены! Количество записей: 149
2025-05-11 12:18:08,467 - sbis_app - INFO - Данные сохранены в кэш для даты 2025-03-03
2025-05-11 12:18:08,467 - sbis_app - INFO - Получено 2 записей для ККТ
2025-05-11 12:18:08,602 - sbis_app - INFO - Получено 3 кассовых аппаратов
2025-05-11 12:18:08,604 - sbis_app - INFO - Запрашиваем данные за период: 2025-03-04 - 2025-03-05
2025-05-11 12:18:08,743 - sbis_app - INFO - Запрос отчета для ККТ 0008869499037417 (ФН: 7380440801926422) с 2025-03-04 по 2025-03-05
2025-05-11 12:18:08,744 - sbis_app - WARNING - Нет данных по ККТ 0008869499037417 за указанный период
2025-05-11 12:18:08,744 - sbis_app - INFO - Нет данных для ККТ 0008869499037417 за период 2025-03-04 - 2025-03-05
2025-05-11 12:18:08,940 - sbis_app - INFO - Запрос отчета для ККТ 0007498924001212 (ФН: 7380440801165774) с 2025-03-04 по 2025-03-05
2025-05-11 12:18:08,942 - sbis_app - INFO - Данные получены! Количество записей: 97
2025-05-11 12:18:09,160 - sbis_app - INFO - Запрос отчета для ККТ 0008260147049848 (ФН: 7380440700545271) с 2025-03-04 по 2025-03-05
2025-05-11 12:18:09,162 - sbis_app - INFO - Данные получены! Количество записей: 155
2025-05-11 12:18:09,171 - sbis_app - INFO - Данные сохранены в кэш для даты 2025-03-04
2025-05-11 12:18:09,172 - sbis_app - INFO - Получено 2 записей для ККТ
2025-05-11 12:18:09,311 - sbis_app - INFO - Получено 3 кассовых аппаратов
2025-05-11 12:18:09,313 - sbis_app - INFO - Запрашиваем данные за период: 2025-03-05 - 2025-03-06
2025-05-11 12:18:09,428 - sbis_app - INFO - Запрос отчета для ККТ 0008869499037417 (ФН: 7380440801926422) с 2025-03-05 по 2025-03-06
2025-05-11 12:18:09,429 - sbis_app - WARNING - Нет данных по ККТ 0008869499037417 за указанный период
2025-05-11 12:18:09,430 - sbis_app - INFO - Нет данных для ККТ 0008869499037417 за период 2025-03-05 - 2025-03-06
2025-05-11 12:18:09,694 - sbis_app - INFO - Запрос отчета для ККТ 0007498924001212 (ФН: 7380440801165774) с 2025-03-05 по 2025-03-06
2025-05-11 12:18:09,695 - sbis_app - INFO - Данные получены! Количество записей: 90
2025-05-11 12:18:10,061 - sbis_app - INFO - Запрос отчета для ККТ 0008260147049848 (ФН: 7380440700545271) с 2025-03-05 по 2025-03-06
2025-05-11 12:18:10,063 - sbis_app - INFO - Данные получены! Количество записей: 139
2025-05-11 12:18:10,072 - sbis_app - INFO - Данные сохранены в кэш для даты 2025-03-05
2025-05-11 12:18:10,073 - sbis_app - INFO - Получено 2 записей для ККТ
2025-05-11 12:18:10,228 - sbis_app - INFO - Получено 3 кассовых аппаратов
2025-05-11 12:18:10,230 - sbis_app - INFO - Запрашиваем данные за период: 2025-03-06 - 2025-03-07
2025-05-11 12:18:10,344 - sbis_app - INFO - Запрос отчета для ККТ 0008869499037417 (ФН: 7380440801926422) с 2025-03-06 по 2025-03-07
2025-05-11 12:18:10,345 - sbis_app - WARNING - Нет данных по ККТ 0008869499037417 за указанный период
2025-05-11 12:18:10,346 - sbis_app - INFO - Нет данных для ККТ 0008869499037417 за период 2025-03-06 - 2025-03-07
2025-05-11 12:18:10,601 - sbis_app - INFO - Запрос отчета для ККТ 0007498924001212 (ФН: 7380440801165774) с 2025-03-06 по 2025-03-07
2025-05-11 12:18:10,602 - sbis_app - INFO - Данные получены! Количество записей: 76
2025-05-11 12:18:10,960 - sbis_app - INFO - Запрос отчета для ККТ 0008260147049848 (ФН: 7380440700545271) с 2025-03-06 по 2025-03-07
2025-05-11 12:18:10,962 - sbis_app - INFO - Данные получены! Количество записей: 146
2025-05-11 12:18:10,970 - sbis_app - INFO - Данные сохранены в кэш для даты 2025-03-06
2025-05-11 12:18:10,971 - sbis_app - INFO - Получено 2 записей для ККТ
2025-05-11 12:18:11,111 - sbis_app - INFO - Получено 3 кассовых аппаратов
2025-05-11 12:18:11,113 - sbis_app - INFO - Запрашиваем данные за период: 2025-03-07 - 2025-03-08
2025-05-11 12:18:11,232 - sbis_app - INFO - Запрос отчета для ККТ 0008869499037417 (ФН: 7380440801926422) с 2025-03-07 по 2025-03-08
2025-05-11 12:18:11,232 - sbis_app - WARNING - Нет данных по ККТ 0008869499037417 за указанный период
2025-05-11 12:18:11,233 - sbis_app - INFO - Нет данных для ККТ 0008869499037417 за период 2025-03-07 - 2025-03-08
2025-05-11 12:18:11,523 - sbis_app - INFO - Запрос отчета для ККТ 0007498924001212 (ФН: 7380440801165774) с 2025-03-07 по 2025-03-08
2025-05-11 12:18:11,524 - sbis_app - INFO - Данные получены! Количество записей: 85
2025-05-11 12:18:11,858 - sbis_app - INFO - Запрос отчета для ККТ 0008260147049848 (ФН: 7380440700545271) с 2025-03-07 по 2025-03-08
2025-05-11 12:18:11,859 - sbis_app - INFO - Данные получены! Количество записей: 127
2025-05-11 12:18:11,867 - sbis_app - INFO - Данные сохранены в кэш для даты 2025-03-07
2025-05-11 12:18:11,868 - sbis_app - INFO - Получено 2 записей для ККТ
2025-05-11 12:18:11,999 - sbis_app - INFO - Получено 3 кассовых аппаратов
2025-05-11 12:18:12,001 - sbis_app - INFO - Запрашиваем данные за период: 2025-03-08 - 2025-03-09
2025-05-11 12:18:12,121 - sbis_app - INFO - Запрос отчета для ККТ 0008869499037417 (ФН: 7380440801926422) с 2025-03-08 по 2025-03-09
2025-05-11 12:18:12,121 - sbis_app - WARNING - Нет данных по ККТ 0008869499037417 за указанный период
2025-05-11 12:18:12,122 - sbis_app - INFO - Нет данных для ККТ 0008869499037417 за период 2025-03-08 - 2025-03-09
2025-05-11 12:18:12,333 - sbis_app - INFO - Запрос отчета для ККТ 0007498924001212 (ФН: 7380440801165774) с 2025-03-08 по 2025-03-09
2025-05-11 12:18:12,334 - sbis_app - INFO - Данные получены! Количество записей: 57
2025-05-11 12:18:12,502 - sbis_app - INFO - Запрос отчета для ККТ 0008260147049848 (ФН: 7380440700545271) с 2025-03-08 по 2025-03-09
2025-05-11 12:18:12,503 - sbis_app - INFO - Данные получены! Количество записей: 50
2025-05-11 12:18:12,509 - sbis_app - INFO - Данные сохранены в кэш для даты 2025-03-08
2025-05-11 12:18:12,510 - sbis_app - INFO - Получено 2 записей для ККТ
2025-05-11 12:18:12,651 - sbis_app - INFO - Получено 3 кассовых аппаратов
2025-05-11 12:18:12,665 - sbis_app - INFO - Данные найдены в кэше для 2025-03-09
2025-05-11 12:18:12,666 - sbis_app - INFO - Получено 3 записей для ККТ
2025-05-11 12:18:12,796 - sbis_app - INFO - Получено 3 кассовых аппаратов
2025-05-11 12:18:12,813 - sbis_app - INFO - Данные найдены в кэше для 2025-03-10
2025-05-11 12:18:12,814 - sbis_app - INFO - Получено 3 записей для ККТ
2025-05-11 12:18:12,947 - sbis_app - INFO - Получено 3 кассовых аппаратов
2025-05-11 12:18:12,964 - sbis_app - INFO - Данные найдены в кэше для 2025-03-11
2025-05-11 12:18:12,965 - sbis_app - INFO - Получено 3 записей для ККТ
2025-05-11 12:18:13,105 - sbis_app - INFO - Получено 3 кассовых аппаратов
2025-05-11 12:18:13,122 - sbis_app - INFO - Данные найдены в кэше для 2025-03-12
2025-05-11 12:18:13,123 - sbis_app - INFO - Получено 3 записей для ККТ
2025-05-11 12:18:13,260 - sbis_app - INFO - Получено 3 кассовых аппаратов
2025-05-11 12:18:13,276 - sbis_app - INFO - Данные найдены в кэше для 2025-03-13
2025-05-11 12:18:13,277 - sbis_app - INFO - Получено 3 записей для ККТ
2025-05-11 12:18:13,436 - sbis_app - INFO - Получено 3 кассовых аппаратов
2025-05-11 12:18:13,450 - sbis_app - INFO - Данные найдены в кэше для 2025-03-14
2025-05-11 12:18:13,451 - sbis_app - INFO - Получено 3 записей для ККТ
2025-05-11 12:18:13,588 - sbis_app - INFO - Получено 3 кассовых аппаратов
2025-05-11 12:18:13,603 - sbis_app - INFO - Данные найдены в кэше для 2025-03-15
2025-05-11 12:18:13,604 - sbis_app - INFO - Получено 3 записей для ККТ
2025-05-11 12:18:13,739 - sbis_app - INFO - Получено 3 кассовых аппаратов
2025-05-11 12:18:13,751 - sbis_app - INFO - Данные найдены в кэше для 2025-03-16
2025-05-11 12:18:13,752 - sbis_app - INFO - Получено 3 записей для ККТ
2025-05-11 12:18:13,887 - sbis_app - INFO - Получено 3 кассовых аппаратов
2025-05-11 12:18:13,903 - sbis_app - INFO - Данные найдены в кэше для 2025-03-17
2025-05-11 12:18:13,904 - sbis_app - INFO - Получено 3 записей для ККТ
2025-05-11 12:18:14,248 - sbis_app - INFO - Получено 3 кассовых аппаратов
2025-05-11 12:18:14,262 - sbis_app - INFO - Данные найдены в кэше для 2025-03-18
2025-05-11 12:18:14,263 - sbis_app - INFO - Получено 3 записей для ККТ
2025-05-11 12:18:14,404 - sbis_app - INFO - Получено 3 кассовых аппаратов
2025-05-11 12:18:14,420 - sbis_app - INFO - Данные найдены в кэше для 2025-03-19
2025-05-11 12:18:14,420 - sbis_app - INFO - Получено 3 записей для ККТ
2025-05-11 12:18:14,565 - sbis_app - INFO - Получено 3 кассовых аппаратов
2025-05-11 12:18:14,579 - sbis_app - INFO - Данные найдены в кэше для 2025-03-20
2025-05-11 12:18:14,580 - sbis_app - INFO - Получено 3 записей для ККТ
2025-05-11 12:18:14,709 - sbis_app - INFO - Получено 3 кассовых аппаратов
2025-05-11 12:18:14,724 - sbis_app - INFO - Данные найдены в кэше для 2025-03-21
2025-05-11 12:18:14,725 - sbis_app - INFO - Получено 3 записей для ККТ
2025-05-11 12:18:14,857 - sbis_app - INFO - Получено 3 кассовых аппаратов
2025-05-11 12:18:14,870 - sbis_app - INFO - Данные найдены в кэше для 2025-03-22
2025-05-11 12:18:14,871 - sbis_app - INFO - Получено 3 записей для ККТ
2025-05-11 12:18:15,000 - sbis_app - INFO - Получено 3 кассовых аппаратов
2025-05-11 12:18:15,013 - sbis_app - INFO - Данные найдены в кэше для 2025-03-23
2025-05-11 12:18:15,014 - sbis_app - INFO - Получено 3 записей для ККТ
2025-05-11 12:18:15,138 - sbis_app - INFO - Получено 3 кассовых аппаратов
2025-05-11 12:18:15,154 - sbis_app - INFO - Данные найдены в кэше для 2025-03-24
2025-05-11 12:18:15,155 - sbis_app - INFO - Получено 3 записей для ККТ
2025-05-11 12:18:15,289 - sbis_app - INFO - Получено 3 кассовых аппаратов
2025-05-11 12:18:15,304 - sbis_app - INFO - Данные найдены в кэше для 2025-03-25
2025-05-11 12:18:15,305 - sbis_app - INFO - Получено 3 записей для ККТ
2025-05-11 12:18:15,445 - sbis_app - INFO - Получено 3 кассовых аппаратов
2025-05-11 12:18:15,461 - sbis_app - INFO - Данные найдены в кэше для 2025-03-26
2025-05-11 12:18:15,461 - sbis_app - INFO - Получено 3 записей для ККТ
2025-05-11 12:18:15,595 - sbis_app - INFO - Получено 3 кассовых аппаратов
2025-05-11 12:18:15,611 - sbis_app - INFO - Данные найдены в кэше для 2025-03-27
2025-05-11 12:18:15,612 - sbis_app - INFO - Получено 3 записей для ККТ
2025-05-11 12:18:15,736 - sbis_app - INFO - Получено 3 кассовых аппаратов
2025-05-11 12:18:15,753 - sbis_app - INFO - Данные найдены в кэше для 2025-03-28
2025-05-11 12:18:15,754 - sbis_app - INFO - Получено 3 записей для ККТ
2025-05-11 12:18:15,892 - sbis_app - INFO - Получено 3 кассовых аппаратов
2025-05-11 12:18:15,905 - sbis_app - INFO - Данные найдены в кэше для 2025-03-29
2025-05-11 12:18:15,906 - sbis_app - INFO - Получено 3 записей для ККТ
2025-05-11 12:18:16,041 - sbis_app - INFO - Получено 3 кассовых аппаратов
2025-05-11 12:18:16,055 - sbis_app - INFO - Данные найдены в кэше для 2025-03-30
2025-05-11 12:18:16,056 - sbis_app - INFO - Получено 3 записей для ККТ
2025-05-11 12:18:16,183 - sbis_app - INFO - Получено 3 кассовых аппаратов
2025-05-11 12:18:16,196 - sbis_app - INFO - Данные найдены в кэше для 2025-03-31
2025-05-11 12:18:16,197 - sbis_app - INFO - Получено 3 записей для ККТ
2025-05-11 12:18:16,345 - sbis_app - INFO - Получено 3 кассовых аппаратов
2025-05-11 12:18:16,361 - sbis_app - INFO - Данные найдены в кэше для 2025-04-01
2025-05-11 12:18:16,362 - sbis_app - INFO - Получено 3 записей для ККТ
2025-05-11 12:18:16,491 - sbis_app - INFO - Получено 3 кассовых аппаратов
2025-05-11 12:18:16,504 - sbis_app - INFO - Данные найдены в кэше для 2025-04-02
2025-05-11 12:18:16,505 - sbis_app - INFO - Получено 3 записей для ККТ
2025-05-11 12:18:16,641 - sbis_app - INFO - Получено 3 кассовых аппаратов
2025-05-11 12:18:16,657 - sbis_app - INFO - Данные найдены в кэше для 2025-04-03
2025-05-11 12:18:16,658 - sbis_app - INFO - Получено 3 записей для ККТ
2025-05-11 12:18:16,786 - sbis_app - INFO - Получено 3 кассовых аппаратов
2025-05-11 12:18:16,801 - sbis_app - INFO - Данные найдены в кэше для 2025-04-04
2025-05-11 12:18:16,802 - sbis_app - INFO - Получено 3 записей для ККТ
2025-05-11 12:18:16,931 - sbis_app - INFO - Получено 3 кассовых аппаратов
2025-05-11 12:18:16,945 - sbis_app - INFO - Данные найдены в кэше для 2025-04-05
2025-05-11 12:18:16,946 - sbis_app - INFO - Получено 3 записей для ККТ
2025-05-11 12:18:17,085 - sbis_app - INFO - Получено 3 кассовых аппаратов
2025-05-11 12:18:17,096 - sbis_app - INFO - Данные найдены в кэше для 2025-04-06
2025-05-11 12:18:17,097 - sbis_app - INFO - Получено 3 записей для ККТ
2025-05-11 12:18:17,224 - sbis_app - INFO - Получено 3 кассовых аппаратов
2025-05-11 12:18:17,240 - sbis_app - INFO - Данные найдены в кэше для 2025-04-07
2025-05-11 12:18:17,241 - sbis_app - INFO - Получено 3 записей для ККТ
2025-05-11 12:18:17,374 - sbis_app - INFO - Получено 3 кассовых аппаратов
2025-05-11 12:18:17,388 - sbis_app - INFO - Данные найдены в кэше для 2025-04-08
2025-05-11 12:18:17,389 - sbis_app - INFO - Получено 3 записей для ККТ
2025-05-11 12:18:17,516 - sbis_app - INFO - Получено 3 кассовых аппаратов
2025-05-11 12:18:17,532 - sbis_app - INFO - Данные найдены в кэше для 2025-04-09
2025-05-11 12:18:17,533 - sbis_app - INFO - Получено 3 записей для ККТ
2025-05-11 12:18:17,662 - sbis_app - INFO - Получено 3 кассовых аппаратов
2025-05-11 12:18:17,677 - sbis_app - INFO - Данные найдены в кэше для 2025-04-10
2025-05-11 12:18:17,678 - sbis_app - INFO - Получено 3 записей для ККТ
2025-05-11 12:18:17,803 - sbis_app - INFO - Получено 3 кассовых аппаратов
2025-05-11 12:18:17,819 - sbis_app - INFO - Данные найдены в кэше для 2025-04-11
2025-05-11 12:18:17,820 - sbis_app - INFO - Получено 3 записей для ККТ
2025-05-11 12:18:17,955 - sbis_app - INFO - Получено 3 кассовых аппаратов
2025-05-11 12:18:17,968 - sbis_app - INFO - Данные найдены в кэше для 2025-04-12
2025-05-11 12:18:17,969 - sbis_app - INFO - Получено 2 записей для ККТ
2025-05-11 12:18:18,094 - sbis_app - INFO - Получено 3 кассовых аппаратов
2025-05-11 12:18:18,109 - sbis_app - INFO - Данные найдены в кэше для 2025-04-13
2025-05-11 12:18:18,109 - sbis_app - INFO - Получено 2 записей для ККТ
2025-05-11 12:18:18,254 - sbis_app - INFO - Получено 3 кассовых аппаратов
2025-05-11 12:18:18,269 - sbis_app - INFO - Данные найдены в кэше для 2025-04-14
2025-05-11 12:18:18,270 - sbis_app - INFO - Получено 3 записей для ККТ
2025-05-11 12:18:18,398 - sbis_app - INFO - Получено 3 кассовых аппаратов
2025-05-11 12:18:18,415 - sbis_app - INFO - Данные найдены в кэше для 2025-04-15
2025-05-11 12:18:18,416 - sbis_app - INFO - Получено 3 записей для ККТ
2025-05-11 12:18:18,546 - sbis_app - INFO - Получено 3 кассовых аппаратов
2025-05-11 12:18:18,560 - sbis_app - INFO - Данные найдены в кэше для 2025-04-16
2025-05-11 12:18:18,560 - sbis_app - INFO - Получено 3 записей для ККТ
2025-05-11 12:18:18,692 - sbis_app - INFO - Получено 3 кассовых аппаратов
2025-05-11 12:18:18,708 - sbis_app - INFO - Данные найдены в кэше для 2025-04-17
2025-05-11 12:18:18,709 - sbis_app - INFO - Получено 3 записей для ККТ
2025-05-11 12:18:18,843 - sbis_app - INFO - Получено 3 кассовых аппаратов
2025-05-11 12:18:18,858 - sbis_app - INFO - Данные найдены в кэше для 2025-04-18
2025-05-11 12:18:18,858 - sbis_app - INFO - Получено 3 записей для ККТ
2025-05-11 12:18:18,993 - sbis_app - INFO - Получено 3 кассовых аппаратов
2025-05-11 12:18:19,009 - sbis_app - INFO - Данные найдены в кэше для 2025-04-19
2025-05-11 12:18:19,009 - sbis_app - INFO - Получено 3 записей для ККТ
2025-05-11 12:18:19,142 - sbis_app - INFO - Получено 3 кассовых аппаратов
2025-05-11 12:18:19,152 - sbis_app - INFO - Данные найдены в кэше для 2025-04-20
2025-05-11 12:18:19,153 - sbis_app - INFO - Получено 3 записей для ККТ
2025-05-11 12:18:19,284 - sbis_app - INFO - Получено 3 кассовых аппаратов
2025-05-11 12:18:19,298 - sbis_app - INFO - Данные найдены в кэше для 2025-04-21
2025-05-11 12:18:19,298 - sbis_app - INFO - Получено 3 записей для ККТ
2025-05-11 12:18:19,432 - sbis_app - INFO - Получено 3 кассовых аппаратов
2025-05-11 12:18:19,445 - sbis_app - INFO - Данные найдены в кэше для 2025-04-22
2025-05-11 12:18:19,446 - sbis_app - INFO - Получено 3 записей для ККТ
2025-05-11 12:18:19,581 - sbis_app - INFO - Получено 3 кассовых аппаратов
2025-05-11 12:18:19,597 - sbis_app - INFO - Данные найдены в кэше для 2025-04-23
2025-05-11 12:18:19,598 - sbis_app - INFO - Получено 3 записей для ККТ
2025-05-11 12:18:19,732 - sbis_app - INFO - Получено 3 кассовых аппаратов
2025-05-11 12:18:19,745 - sbis_app - INFO - Данные найдены в кэше для 2025-04-24
2025-05-11 12:18:19,745 - sbis_app - INFO - Получено 3 записей для ККТ
2025-05-11 12:18:19,877 - sbis_app - INFO - Получено 3 кассовых аппаратов
2025-05-11 12:18:19,892 - sbis_app - INFO - Данные найдены в кэше для 2025-04-25
2025-05-11 12:18:19,893 - sbis_app - INFO - Получено 3 записей для ККТ
2025-05-11 12:18:20,024 - sbis_app - INFO - Получено 3 кассовых аппаратов
2025-05-11 12:18:20,036 - sbis_app - INFO - Данные найдены в кэше для 2025-04-26
2025-05-11 12:18:20,037 - sbis_app - INFO - Получено 3 записей для ККТ
2025-05-11 12:18:20,170 - sbis_app - INFO - Получено 3 кассовых аппаратов
2025-05-11 12:18:20,185 - sbis_app - INFO - Данные найдены в кэше для 2025-04-27
2025-05-11 12:18:20,186 - sbis_app - INFO - Получено 2 записей для ККТ
2025-05-11 12:18:20,333 - sbis_app - INFO - Получено 3 кассовых аппаратов
2025-05-11 12:18:20,348 - sbis_app - INFO - Данные найдены в кэше для 2025-04-28
2025-05-11 12:18:20,349 - sbis_app - INFO - Получено 3 записей для ККТ
2025-05-11 12:18:20,486 - sbis_app - INFO - Получено 3 кассовых аппаратов
2025-05-11 12:18:20,501 - sbis_app - INFO - Данные найдены в кэше для 2025-04-29
2025-05-11 12:18:20,501 - sbis_app - INFO - Получено 3 записей для ККТ
2025-05-11 12:18:20,643 - sbis_app - INFO - Получено 3 кассовых аппаратов
2025-05-11 12:18:20,659 - sbis_app - INFO - Данные найдены в кэше для 2025-04-30
2025-05-11 12:18:20,660 - sbis_app - INFO - Получено 3 записей для ККТ
2025-05-11 12:18:20,796 - sbis_app - INFO - Получено 3 кассовых аппаратов
2025-05-11 12:18:20,807 - sbis_app - INFO - Данные найдены в кэше для 2025-05-01
2025-05-11 12:18:20,808 - sbis_app - INFO - Получено 3 записей для ККТ
2025-05-11 12:18:20,959 - sbis_app - INFO - Получено 3 кассовых аппаратов
2025-05-11 12:18:20,972 - sbis_app - INFO - Данные найдены в кэше для 2025-05-02
2025-05-11 12:18:20,973 - sbis_app - INFO - Получено 2 записей для ККТ
2025-05-11 12:18:21,103 - sbis_app - INFO - Получено 3 кассовых аппаратов
2025-05-11 12:18:21,116 - sbis_app - INFO - Данные найдены в кэше для 2025-05-03
2025-05-11 12:18:21,116 - sbis_app - INFO - Получено 2 записей для ККТ
2025-05-11 12:18:21,246 - sbis_app - INFO - Получено 3 кассовых аппаратов
2025-05-11 12:18:21,258 - sbis_app - INFO - Данные найдены в кэше для 2025-05-04
2025-05-11 12:18:21,258 - sbis_app - INFO - Получено 2 записей для ККТ
2025-05-11 12:18:21,413 - sbis_app - INFO - Получено 3 кассовых аппаратов
2025-05-11 12:18:21,425 - sbis_app - INFO - Данные найдены в кэше для 2025-05-05
2025-05-11 12:18:21,426 - sbis_app - INFO - Получено 3 записей для ККТ
2025-05-11 12:18:21,554 - sbis_app - INFO - Получено 3 кассовых аппаратов
2025-05-11 12:18:21,568 - sbis_app - INFO - Данные найдены в кэше для 2025-05-06
2025-05-11 12:18:21,569 - sbis_app - INFO - Получено 3 записей для ККТ
2025-05-11 12:18:21,707 - sbis_app - INFO - Получено 3 кассовых аппаратов
2025-05-11 12:18:21,721 - sbis_app - INFO - Данные найдены в кэше для 2025-05-07
2025-05-11 12:18:21,722 - sbis_app - INFO - Получено 3 записей для ККТ
2025-05-11 12:18:21,860 - sbis_app - INFO - Получено 3 кассовых аппаратов
2025-05-11 12:18:21,864 - sbis_app - INFO - Запрашиваем данные за период: 2025-05-08 - 2025-05-09
2025-05-11 12:18:21,993 - sbis_app - INFO - Запрос отчета для ККТ 0008869499037417 (ФН: 7380440801926422) с 2025-05-08 по 2025-05-09
2025-05-11 12:18:21,994 - sbis_app - INFO - Данные получены! Количество записей: 36
2025-05-11 12:18:22,138 - sbis_app - INFO - Запрос отчета для ККТ 0007498924001212 (ФН: 7380440801165774) с 2025-05-08 по 2025-05-09
2025-05-11 12:18:22,139 - sbis_app - INFO - Данные получены! Количество записей: 63
2025-05-11 12:18:22,304 - sbis_app - INFO - Запрос отчета для ККТ 0008260147049848 (ФН: 7380440700545271) с 2025-05-08 по 2025-05-09
2025-05-11 12:18:22,306 - sbis_app - INFO - Данные получены! Количество записей: 72
2025-05-11 12:18:22,313 - sbis_app - INFO - Данные сохранены в кэш для даты 2025-05-08
2025-05-11 12:18:22,313 - sbis_app - INFO - Получено 3 записей для ККТ
2025-05-11 12:18:22,453 - sbis_app - INFO - Получено 3 кассовых аппаратов
2025-05-11 12:18:22,457 - sbis_app - INFO - Запрашиваем данные за период: 2025-05-09 - 2025-05-10
2025-05-11 12:18:22,582 - sbis_app - INFO - Запрос отчета для ККТ 0008869499037417 (ФН: 7380440801926422) с 2025-05-09 по 2025-05-10
2025-05-11 12:18:22,583 - sbis_app - INFO - Данные получены! Количество записей: 22
2025-05-11 12:18:22,749 - sbis_app - INFO - Запрос отчета для ККТ 0007498924001212 (ФН: 7380440801165774) с 2025-05-09 по 2025-05-10
2025-05-11 12:18:22,750 - sbis_app - INFO - Данные получены! Количество записей: 43
2025-05-11 12:18:22,921 - sbis_app - INFO - Запрос отчета для ККТ 0008260147049848 (ФН: 7380440700545271) с 2025-05-09 по 2025-05-10
2025-05-11 12:18:22,923 - sbis_app - INFO - Данные получены! Количество записей: 113
2025-05-11 12:18:22,931 - sbis_app - INFO - Данные сохранены в кэш для даты 2025-05-09
2025-05-11 12:18:22,931 - sbis_app - INFO - Получено 3 записей для ККТ
2025-05-11 12:18:23,070 - sbis_app - INFO - Получено 3 кассовых аппаратов
2025-05-11 12:18:23,072 - sbis_app - INFO - Запрашиваем данные за период: 2025-05-10 - 2025-05-11
2025-05-11 12:18:23,187 - sbis_app - INFO - Запрос отчета для ККТ 0008869499037417 (ФН: 7380440801926422) с 2025-05-10 по 2025-05-11
2025-05-11 12:18:23,187 - sbis_app - WARNING - Нет данных по ККТ 0008869499037417 за указанный период
2025-05-11 12:18:23,188 - sbis_app - INFO - Нет данных для ККТ 0008869499037417 за период 2025-05-10 - 2025-05-11
2025-05-11 12:18:23,332 - sbis_app - INFO - Запрос отчета для ККТ 0007498924001212 (ФН: 7380440801165774) с 2025-05-10 по 2025-05-11
2025-05-11 12:18:23,333 - sbis_app - INFO - Данные получены! Количество записей: 57
2025-05-11 12:18:23,490 - sbis_app - INFO - Запрос отчета для ККТ 0008260147049848 (ФН: 7380440700545271) с 2025-05-10 по 2025-05-11
2025-05-11 12:18:23,491 - sbis_app - INFO - Данные получены! Количество записей: 62
2025-05-11 12:18:23,497 - sbis_app - INFO - Данные сохранены в кэш для даты 2025-05-10
2025-05-11 12:18:23,498 - sbis_app - INFO - Получено 2 записей для ККТ
